2025-08-14 15:53:00,682 - INFO - Starting experiment: ccasf_clifford on wikipedia
2025-08-14 15:53:00,682 - INFO - Device: cuda
2025-08-14 15:53:00,682 - INFO - 
==================================================
2025-08-14 15:53:00,682 - INFO - Run 1/5
2025-08-14 15:53:00,682 - INFO - ==================================================
2025-08-14 15:53:00,685 - INFO - Starting training for wikipedia with C-CASF
2025-08-14 15:53:00,685 - INFO - Configuration: {'dataset_name': 'wikipedia', 'model_name': 'DyGMamba_CCASF', 'use_ccasf': True, 'spatial_dim': 64, 'temporal_dim': 64, 'ccasf_output_dim': 128, 'node_feat_dim': 172, 'edge_feat_dim': 172, 'fusion_method': 'clifford', 'weighted_fusion_learnable': True, 'mlp_hidden_dim': None, 'mlp_num_layers': 2, 'use_rpearl': True, 'use_enhanced_lete': True, 'rpearl_k': 16, 'rpearl_mlp_layers': 2, 'rpearl_hidden': 64, 'lete_p': 0.5, 'lete_layer_norm': True, 'lete_scale': True, 'time_feat_dim': 100, 'channel_embedding_dim': 100, 'patch_size': 2, 'num_layers': 2, 'num_heads': 2, 'dropout': 0.1, 'gamma': 0.5, 'max_input_sequence_length': 64, 'max_interaction_times': 10, 'learning_rate': 0.0001, 'weight_decay': 0.01, 'patience': 20, 'num_epochs': 100, 'batch_size': 200, 'eval_batch_size': 200, 'test_batch_size': 200, 'val_ratio': 0.15, 'test_ratio': 0.15, 'negative_sample_strategy': 'random', 'num_neighbors': 20, 'num_runs': 5, 'load_best_configs': False, 'device': 'cuda', 'num_workers': 8, 'seed': 0, 'data_root': '/home/s2516027/GLCE/processed_data', 'output_root': '/home/s2516027/GLCE/results', 'checkpoint_dir': '/home/s2516027/GLCE/checkpoints', 'log_every': 1, 'eval_every': 5, 'save_model': True, 'verbose': True}
2025-08-14 15:53:00,686 - INFO - Loading wikipedia dataset...
2025-08-14 15:53:01,098 - INFO - Number of nodes: 9228
2025-08-14 15:53:01,098 - INFO - Number of edges: 157475
2025-08-14 15:53:01,099 - INFO - Node feature dimension: 172
2025-08-14 15:53:01,099 - INFO - Edge feature dimension: 172
2025-08-14 15:53:01,099 - INFO - Training interactions: 79202
2025-08-14 15:53:01,099 - INFO - Validation interactions: 23621
2025-08-14 15:53:01,099 - INFO - Test interactions: 23621
2025-08-14 15:53:01,244 - INFO - Creating DyGMamba with C-CASF integration...
2025-08-14 15:53:01,544 - INFO - Model created with 1198686 parameters
2025-08-14 15:53:01,544 - INFO - C-CASF Configuration:
2025-08-14 15:53:01,544 - INFO -   - Spatial dimension: 64
2025-08-14 15:53:01,544 - INFO -   - Temporal dimension: 64
2025-08-14 15:53:01,544 - INFO -   - Output dimension: 128
2025-08-14 15:53:01,544 - INFO -   - Fusion method: clifford
2025-08-14 15:53:01,544 - INFO -   - Using R-PEARL: True
2025-08-14 15:53:01,544 - INFO -   - Using Enhanced LeTE: True
2025-08-14 15:53:47,656 - INFO - validation - AUC: 0.5000, AP: 0.5000
2025-08-14 15:53:47,657 - INFO - save model /home/s2516027/GLCE/checkpoints/wikipedia/ccasf/DyGMamba_CCASF_seed0.pkl
2025-08-14 15:53:47,823 - INFO - Saved best model to /home/s2516027/GLCE/checkpoints/wikipedia/best_ccasf_model_wikipedia.pth
2025-08-14 15:53:47,823 - INFO - Epoch   0/100 | Loss: 0.0064 | Time: 46.27s
2025-08-14 15:53:47,875 - ERROR - Error in batch 0
Traceback (most recent call last):
  File "/home/s2516027/GLCE/DyGMamba/train_ccasf_link_prediction.py", line 182, in train_epoch
    loss.backward()
  File "/home/s2516027/anaconda3/envs/glce/lib/python3.11/site-packages/torch/_tensor.py", line 581, in backward
    torch.autograd.backward(
  File "/home/s2516027/anaconda3/envs/glce/lib/python3.11/site-packages/torch/autograd/__init__.py", line 347, in backward
    _engine_run_backward(
  File "/home/s2516027/anaconda3/envs/glce/lib/python3.11/site-packages/torch/autograd/graph.py", line 825, in _engine_run_backward
    return Variable._execution_engine.run_backward(  # Calls into the C++ engine to run the backward pass
           ^^^^^^^^^^^^^^^^^^^^^^^^^^^^^^^^^^^^^^^^^^^^^^^^^^^^^^^^^^^^^^^^^^^^^^^^^^^^^^^^^^^^^^^^^^^^^^
RuntimeError: Trying to backward through the graph a second time (or directly access saved tensors after they have already been freed). Saved intermediate values of the graph are freed when you call .backward() or autograd.grad(). Specify retain_graph=True if you need to backward through the graph a second time or if you need to access saved tensors after calling backward.
2025-08-14 15:53:47,918 - ERROR - Error in run 0
Traceback (most recent call last):
  File "/home/s2516027/GLCE/DyGMamba/train_ccasf_link_prediction.py", line 435, in main
    results, model = train_model(config, logger)
                     ^^^^^^^^^^^^^^^^^^^^^^^^^^^
  File "/home/s2516027/GLCE/DyGMamba/train_ccasf_link_prediction.py", line 326, in train_model
    train_loss = train_epoch(model, train_data, optimizer, criterion, config, logger)
                 ^^^^^^^^^^^^^^^^^^^^^^^^^^^^^^^^^^^^^^^^^^^^^^^^^^^^^^^^^^^^^^^^^^^^
  File "/home/s2516027/GLCE/DyGMamba/train_ccasf_link_prediction.py", line 182, in train_epoch
    loss.backward()
  File "/home/s2516027/anaconda3/envs/glce/lib/python3.11/site-packages/torch/_tensor.py", line 581, in backward
    torch.autograd.backward(
  File "/home/s2516027/anaconda3/envs/glce/lib/python3.11/site-packages/torch/autograd/__init__.py", line 347, in backward
    _engine_run_backward(
  File "/home/s2516027/anaconda3/envs/glce/lib/python3.11/site-packages/torch/autograd/graph.py", line 825, in _engine_run_backward
    return Variable._execution_engine.run_backward(  # Calls into the C++ engine to run the backward pass
           ^^^^^^^^^^^^^^^^^^^^^^^^^^^^^^^^^^^^^^^^^^^^^^^^^^^^^^^^^^^^^^^^^^^^^^^^^^^^^^^^^^^^^^^^^^^^^^
RuntimeError: Trying to backward through the graph a second time (or directly access saved tensors after they have already been freed). Saved intermediate values of the graph are freed when you call .backward() or autograd.grad(). Specify retain_graph=True if you need to backward through the graph a second time or if you need to access saved tensors after calling backward.
