2025-08-15 19:30:19,229 - INFO - Starting experiment: ccasf_cross_attention on wikipedia
2025-08-15 19:30:19,229 - INFO - Device: cuda
2025-08-15 19:30:19,230 - INFO - 
==================================================
2025-08-15 19:30:19,230 - INFO - Run 1/1 - TGAT with cross_attention
2025-08-15 19:30:19,230 - INFO - ==================================================
2025-08-15 19:30:19,233 - INFO - Starting training for wikipedia with C-CASF
2025-08-15 19:30:19,233 - INFO - Configuration: {'dataset_name': 'wikipedia', 'model_name': 'TGAT', 'use_ccasf': True, 'spatial_dim': 64, 'temporal_dim': 64, 'ccasf_output_dim': 128, 'node_feat_dim': 172, 'edge_feat_dim': 172, 'fusion_method': 'cross_attention', 'weighted_fusion_learnable': True, 'mlp_hidden_dim': None, 'mlp_num_layers': 2, 'cross_attn_heads': 8, 'use_rpearl': True, 'use_enhanced_lete': True, 'rpearl_k': 16, 'rpearl_mlp_layers': 2, 'rpearl_hidden': 64, 'lete_p': 0.5, 'lete_layer_norm': True, 'lete_scale': True, 'time_feat_dim': 100, 'channel_embedding_dim': 100, 'patch_size': 2, 'num_layers': 2, 'num_heads': 2, 'dropout': 0.1, 'gamma': 0.5, 'max_input_sequence_length': 64, 'max_interaction_times': 10, 'learning_rate': 0.0001, 'weight_decay': 0.01, 'patience': 20, 'num_epochs': 3, 'batch_size': 200, 'eval_batch_size': 200, 'test_batch_size': 200, 'val_ratio': 0.15, 'test_ratio': 0.15, 'negative_sample_strategy': 'random', 'num_neighbors': 20, 'num_runs': 1, 'load_best_configs': False, 'device': 'cuda', 'num_workers': 8, 'seed': 0, 'data_root': '/home/s2516027/GLCE/processed_data', 'output_root': '/home/s2516027/GLCE/results', 'checkpoint_dir': '/home/s2516027/GLCE/checkpoints', 'log_every': 1, 'eval_every': 5, 'save_model': True, 'verbose': True}
2025-08-15 19:30:19,233 - INFO - Loading wikipedia dataset...
2025-08-15 19:30:19,655 - INFO - Number of nodes: 9228
2025-08-15 19:30:19,655 - INFO - Number of edges: 157475
2025-08-15 19:30:19,655 - INFO - Node feature dimension: 172
2025-08-15 19:30:19,655 - INFO - Edge feature dimension: 172
2025-08-15 19:30:19,655 - INFO - Training interactions: 79202
2025-08-15 19:30:19,655 - INFO - Validation interactions: 23621
2025-08-15 19:30:19,655 - INFO - Test interactions: 23621
2025-08-15 19:30:20,167 - INFO - Creating model: TGAT
2025-08-15 19:30:20,371 - INFO - Wrapping TGAT with C-CASF
2025-08-15 19:30:20,373 - INFO - Model created with 1052945 parameters
2025-08-15 19:33:34,911 - INFO - save model /home/s2516027/GLCE/checkpoints/wikipedia/models/TGAT/TGAT_cross_attention_seed0.pkl
2025-08-15 19:33:35,083 - INFO - Saved best model to /home/s2516027/GLCE/checkpoints/wikipedia/best_models/best_TGAT_cross_attention_wikipedia.pth
2025-08-15 19:33:35,083 - INFO - Epoch   0/3 | Loss: 0.6013 | Time: 194.66s
2025-08-15 19:36:05,311 - INFO - Epoch   1/3 | Loss: 0.5257 | Time: 150.23s
2025-08-15 19:39:19,715 - INFO - Epoch   2/3 | Loss: 0.5172 | Time: 194.40s
2025-08-15 19:39:19,716 - INFO - Training completed in 539.29s
2025-08-15 19:39:19,716 - INFO - Final evaluation...
2025-08-15 19:43:45,282 - INFO - Saved evaluation results to /home/s2516027/GLCE/results/wikipedia/evaluations/eval_TGAT_cross_attention_wikipedia_seed0.json
2025-08-15 19:43:45,312 - INFO - Saved run 0 results to /home/s2516027/GLCE/results/wikipedia/runs/run0_TGAT_cross_attention_wikipedia.json
2025-08-15 19:43:45,312 - INFO - 
==================================================
2025-08-15 19:43:45,312 - INFO - FINAL RESULTS - TGAT with cross_attention
2025-08-15 19:43:45,312 - INFO - ==================================================
2025-08-15 19:43:45,312 - INFO - train_auc: 0.7721 ± 0.0000
2025-08-15 19:43:45,312 - INFO - train_ap: 0.7966 ± 0.0000
2025-08-15 19:43:45,313 - INFO - val_auc: 0.6686 ± 0.0000
2025-08-15 19:43:45,313 - INFO - val_ap: 0.7196 ± 0.0000
2025-08-15 19:43:45,313 - INFO - test_auc: 0.6320 ± 0.0000
2025-08-15 19:43:45,313 - INFO - test_ap: 0.6846 ± 0.0000
2025-08-15 19:43:45,313 - INFO - new_val_auc: 0.7037 ± 0.0000
2025-08-15 19:43:45,313 - INFO - new_val_ap: 0.7517 ± 0.0000
2025-08-15 19:43:45,313 - INFO - new_test_auc: 0.6505 ± 0.0000
2025-08-15 19:43:45,313 - INFO - new_test_ap: 0.7017 ± 0.0000
2025-08-15 19:43:45,319 - INFO - Aggregate results saved to /home/s2516027/GLCE/results/wikipedia/aggregated/results_TGAT_cross_attention_wikipedia.txt
2025-08-15 19:43:45,322 - INFO - Summary JSON saved to /home/s2516027/GLCE/results/wikipedia/aggregated/summary_TGAT_cross_attention_wikipedia.json
