2025-08-16 19:13:23,825 - INFO - Starting experiment: ccasf_cross_attention on wikipedia
2025-08-16 19:13:23,825 - INFO - Device: cuda
2025-08-16 19:13:23,825 - INFO - 
==================================================
2025-08-16 19:13:23,825 - INFO - Run 1/1 - TGN with cross_attention
2025-08-16 19:13:23,825 - INFO - ==================================================
2025-08-16 19:13:23,827 - INFO - Starting training for wikipedia with C-CASF
2025-08-16 19:13:23,828 - INFO - Configuration: {'dataset_name': 'wikipedia', 'model_name': 'TGN', 'use_ccasf': True, 'spatial_dim': 64, 'temporal_dim': 64, 'ccasf_output_dim': 128, 'node_feat_dim': 172, 'edge_feat_dim': 172, 'fusion_method': 'cross_attention', 'weighted_fusion_learnable': True, 'mlp_hidden_dim': None, 'mlp_num_layers': 2, 'cross_attn_heads': 8, 'use_rpearl': True, 'use_enhanced_lete': True, 'rpearl_k': 16, 'rpearl_mlp_layers': 2, 'rpearl_hidden': 64, 'lete_p': 0.5, 'lete_layer_norm': True, 'lete_scale': True, 'time_feat_dim': 100, 'channel_embedding_dim': 100, 'patch_size': 2, 'num_layers': 2, 'num_heads': 2, 'dropout': 0.1, 'gamma': 0.5, 'max_input_sequence_length': 64, 'max_interaction_times': 10, 'learning_rate': 0.0001, 'weight_decay': 0.01, 'patience': 20, 'num_epochs': 3, 'batch_size': 200, 'eval_batch_size': 200, 'test_batch_size': 200, 'val_ratio': 0.15, 'test_ratio': 0.15, 'negative_sample_strategy': 'random', 'num_neighbors': 20, 'num_runs': 1, 'load_best_configs': False, 'device': 'cuda', 'num_workers': 8, 'seed': 0, 'data_root': '/home/s2516027/GLCE/processed_data', 'output_root': '/home/s2516027/GLCE/results', 'checkpoint_dir': '/home/s2516027/GLCE/checkpoints', 'log_every': 1, 'eval_every': 5, 'save_model': True, 'verbose': True}
2025-08-16 19:13:23,828 - INFO - Loading wikipedia dataset...
2025-08-16 19:13:24,239 - INFO - Number of nodes: 9228
2025-08-16 19:13:24,239 - INFO - Number of edges: 157475
2025-08-16 19:13:24,239 - INFO - Node feature dimension: 172
2025-08-16 19:13:24,239 - INFO - Edge feature dimension: 172
2025-08-16 19:13:24,239 - INFO - Training interactions: 79202
2025-08-16 19:13:24,239 - INFO - Validation interactions: 23621
2025-08-16 19:13:24,239 - INFO - Test interactions: 23621
2025-08-16 19:13:24,764 - INFO - Creating model: TGN
2025-08-16 19:13:25,039 - INFO - Wrapping TGN with C-CASF
2025-08-16 19:13:25,040 - INFO - Model created with 1460585 parameters
2025-08-16 19:13:25,046 - INFO - Sorted training data by timestamp for memory-based model TGN
2025-08-16 19:18:14,376 - INFO - save model /home/s2516027/GLCE/checkpoints/wikipedia/models/TGN/TGN_cross_attention_seed0.pkl
2025-08-16 19:18:14,485 - ERROR - Error in run 0
Traceback (most recent call last):
  File "/home/s2516027/GLCE/DyGMamba/train_ccasf_link_prediction.py", line 901, in main
    results, model = train_model(config, logger)
                     ^^^^^^^^^^^^^^^^^^^^^^^^^^^
  File "/home/s2516027/GLCE/DyGMamba/train_ccasf_link_prediction.py", line 708, in train_model
    _ = early_stopping.step([('average_precision', val_metric, True)], model)
        ^^^^^^^^^^^^^^^^^^^^^^^^^^^^^^^^^^^^^^^^^^^^^^^^^^^^^^^^^^^^^^^^^^^^^
  File "/home/s2516027/GLCE/DyGMamba/utils/EarlyStopping.py", line 55, in step
    self.save_checkpoint(model)
  File "/home/s2516027/GLCE/DyGMamba/utils/EarlyStopping.py", line 74, in save_checkpoint
    torch.save(model[0].memory_bank.node_raw_messages, self.save_model_nonparametric_data_path)
               ^^^^^^^^^^^^^^^^^^^^
  File "/home/s2516027/anaconda3/envs/glce/lib/python3.11/site-packages/torch/nn/modules/module.py", line 1931, in __getattr__
    raise AttributeError(
AttributeError: 'CCASFWrapper' object has no attribute 'memory_bank'
