2025-08-14 17:21:51,685 - INFO - Starting experiment: ccasf_clifford on wikipedia
2025-08-14 17:21:51,685 - INFO - Device: cuda
2025-08-14 17:21:51,685 - INFO - 
==================================================
2025-08-14 17:21:51,685 - INFO - Run 1/5
2025-08-14 17:21:51,685 - INFO - ==================================================
2025-08-14 17:21:51,689 - INFO - Starting training for wikipedia with C-CASF
2025-08-14 17:21:51,689 - INFO - Configuration: {'dataset_name': 'wikipedia', 'model_name': 'DyGMamba_CCASF', 'use_ccasf': True, 'spatial_dim': 64, 'temporal_dim': 64, 'ccasf_output_dim': 128, 'node_feat_dim': 172, 'edge_feat_dim': 172, 'fusion_method': 'clifford', 'weighted_fusion_learnable': True, 'mlp_hidden_dim': None, 'mlp_num_layers': 2, 'use_rpearl': True, 'use_enhanced_lete': True, 'rpearl_k': 16, 'rpearl_mlp_layers': 2, 'rpearl_hidden': 64, 'lete_p': 0.5, 'lete_layer_norm': True, 'lete_scale': True, 'time_feat_dim': 100, 'channel_embedding_dim': 100, 'patch_size': 2, 'num_layers': 2, 'num_heads': 2, 'dropout': 0.1, 'gamma': 0.5, 'max_input_sequence_length': 64, 'max_interaction_times': 10, 'learning_rate': 0.0001, 'weight_decay': 0.01, 'patience': 20, 'num_epochs': 100, 'batch_size': 200, 'eval_batch_size': 200, 'test_batch_size': 200, 'val_ratio': 0.15, 'test_ratio': 0.15, 'negative_sample_strategy': 'random', 'num_neighbors': 20, 'num_runs': 5, 'load_best_configs': False, 'device': 'cuda', 'num_workers': 8, 'seed': 0, 'data_root': '/home/s2516027/GLCE/processed_data', 'output_root': '/home/s2516027/GLCE/results', 'checkpoint_dir': '/home/s2516027/GLCE/checkpoints', 'log_every': 1, 'eval_every': 5, 'save_model': True, 'verbose': True}
2025-08-14 17:21:51,689 - INFO - Loading wikipedia dataset...
2025-08-14 17:21:52,109 - INFO - Number of nodes: 9228
2025-08-14 17:21:52,110 - INFO - Number of edges: 157475
2025-08-14 17:21:52,110 - INFO - Node feature dimension: 172
2025-08-14 17:21:52,110 - INFO - Edge feature dimension: 172
2025-08-14 17:21:52,110 - INFO - Training interactions: 79202
2025-08-14 17:21:52,110 - INFO - Validation interactions: 23621
2025-08-14 17:21:52,110 - INFO - Test interactions: 23621
2025-08-14 17:21:52,653 - INFO - Creating DyGMamba with C-CASF integration...
2025-08-14 17:21:52,949 - INFO - Model created with 1198686 parameters
2025-08-14 17:21:52,949 - INFO - C-CASF Configuration:
2025-08-14 17:21:52,949 - INFO -   - Spatial dimension: 64
2025-08-14 17:21:52,949 - INFO -   - Temporal dimension: 64
2025-08-14 17:21:52,949 - INFO -   - Output dimension: 128
2025-08-14 17:21:52,949 - INFO -   - Fusion method: clifford
2025-08-14 17:21:52,949 - INFO -   - Using R-PEARL: True
2025-08-14 17:21:52,949 - INFO -   - Using Enhanced LeTE: True
2025-08-14 17:24:17,443 - INFO - validation - AUC: 0.5000, AP: 0.5000
2025-08-14 17:24:17,444 - INFO - save model /home/s2516027/GLCE/checkpoints/wikipedia/ccasf/DyGMamba_CCASF_seed0.pkl
2025-08-14 17:24:17,608 - INFO - Saved best model to /home/s2516027/GLCE/checkpoints/wikipedia/best_ccasf_model_wikipedia.pth
2025-08-14 17:24:17,608 - INFO - Epoch   0/100 | Loss: 10.0977 | Time: 144.65s
2025-08-14 17:26:26,699 - INFO - Epoch   1/100 | Loss: 6.6389 | Time: 129.09s
2025-08-14 17:28:36,970 - INFO - Epoch   2/100 | Loss: 6.0489 | Time: 130.27s
2025-08-14 17:30:46,348 - INFO - Epoch   3/100 | Loss: 5.5148 | Time: 129.38s
2025-08-14 17:32:54,598 - INFO - Epoch   4/100 | Loss: 5.0981 | Time: 128.25s
2025-08-14 17:35:14,564 - INFO - validation - AUC: 0.5000, AP: 0.5000
2025-08-14 17:35:14,565 - INFO - save model /home/s2516027/GLCE/checkpoints/wikipedia/ccasf/DyGMamba_CCASF_seed0.pkl
2025-08-14 17:35:14,624 - INFO - Epoch   5/100 | Loss: 4.7071 | Time: 140.03s
2025-08-14 17:37:22,910 - INFO - Epoch   6/100 | Loss: 4.4106 | Time: 128.29s
2025-08-14 17:39:30,789 - INFO - Epoch   7/100 | Loss: 4.0731 | Time: 127.88s
2025-08-14 17:41:40,746 - INFO - Epoch   8/100 | Loss: 3.7032 | Time: 129.96s
2025-08-14 17:43:49,386 - INFO - Epoch   9/100 | Loss: 3.4198 | Time: 128.64s
2025-08-14 17:46:09,527 - INFO - validation - AUC: 0.5423, AP: 0.5221
2025-08-14 17:46:09,528 - INFO - save model /home/s2516027/GLCE/checkpoints/wikipedia/ccasf/DyGMamba_CCASF_seed0.pkl
2025-08-14 17:46:09,688 - INFO - Saved best model to /home/s2516027/GLCE/checkpoints/wikipedia/best_ccasf_model_wikipedia.pth
2025-08-14 17:46:09,688 - INFO - Epoch  10/100 | Loss: 3.1603 | Time: 140.30s
2025-08-14 17:48:19,445 - INFO - Epoch  11/100 | Loss: 2.9477 | Time: 129.76s
2025-08-14 17:50:28,410 - INFO - Epoch  12/100 | Loss: 2.6680 | Time: 128.96s
2025-08-14 17:52:36,262 - INFO - Epoch  13/100 | Loss: 2.4748 | Time: 127.85s
2025-08-14 17:54:44,623 - INFO - Epoch  14/100 | Loss: 2.2762 | Time: 128.36s
2025-08-14 17:57:04,435 - INFO - validation - AUC: 0.8549, AP: 0.7844
2025-08-14 17:57:04,436 - INFO - save model /home/s2516027/GLCE/checkpoints/wikipedia/ccasf/DyGMamba_CCASF_seed0.pkl
2025-08-14 17:57:04,595 - INFO - Saved best model to /home/s2516027/GLCE/checkpoints/wikipedia/best_ccasf_model_wikipedia.pth
2025-08-14 17:57:04,595 - INFO - Epoch  15/100 | Loss: 2.0533 | Time: 139.97s
2025-08-14 17:59:12,587 - INFO - Epoch  16/100 | Loss: 1.8659 | Time: 127.99s
2025-08-14 18:01:20,794 - INFO - Epoch  17/100 | Loss: 1.7010 | Time: 128.21s
2025-08-14 18:03:29,341 - INFO - Epoch  18/100 | Loss: 1.5504 | Time: 128.55s
2025-08-14 18:05:37,975 - INFO - Epoch  19/100 | Loss: 1.4064 | Time: 128.63s
2025-08-14 18:07:57,541 - INFO - validation - AUC: 0.9846, AP: 0.9923
2025-08-14 18:07:57,542 - INFO - save model /home/s2516027/GLCE/checkpoints/wikipedia/ccasf/DyGMamba_CCASF_seed0.pkl
2025-08-14 18:07:57,700 - INFO - Saved best model to /home/s2516027/GLCE/checkpoints/wikipedia/best_ccasf_model_wikipedia.pth
2025-08-14 18:07:57,700 - INFO - Epoch  20/100 | Loss: 1.3238 | Time: 139.72s
2025-08-14 18:10:05,667 - INFO - Epoch  21/100 | Loss: 1.1696 | Time: 127.97s
2025-08-14 18:12:14,002 - INFO - Epoch  22/100 | Loss: 1.0746 | Time: 128.33s
2025-08-14 18:14:22,293 - INFO - Epoch  23/100 | Loss: 0.9995 | Time: 128.29s
2025-08-14 18:16:31,437 - INFO - Epoch  24/100 | Loss: 0.8589 | Time: 129.14s
2025-08-14 18:18:53,679 - INFO - validation - AUC: 0.9695, AP: 0.9283
2025-08-14 18:18:53,680 - INFO - Epoch  25/100 | Loss: 0.7260 | Time: 142.24s
2025-08-14 18:21:02,213 - INFO - Epoch  26/100 | Loss: 0.7026 | Time: 128.53s
2025-08-14 18:23:10,645 - INFO - Epoch  27/100 | Loss: 0.6969 | Time: 128.43s
2025-08-14 18:25:19,266 - INFO - Epoch  28/100 | Loss: 0.6964 | Time: 128.62s
2025-08-14 18:27:27,386 - INFO - Epoch  29/100 | Loss: 0.6938 | Time: 128.12s
2025-08-14 18:29:46,865 - INFO - validation - AUC: 0.9770, AP: 0.9300
2025-08-14 18:29:46,866 - INFO - Epoch  30/100 | Loss: 0.6954 | Time: 139.48s
2025-08-14 18:31:54,944 - INFO - Epoch  31/100 | Loss: 0.6944 | Time: 128.08s
2025-08-14 18:34:03,380 - INFO - Epoch  32/100 | Loss: 0.6936 | Time: 128.43s
2025-08-14 18:36:11,715 - INFO - Epoch  33/100 | Loss: 0.6941 | Time: 128.33s
2025-08-14 18:38:19,938 - INFO - Epoch  34/100 | Loss: 0.6934 | Time: 128.22s
2025-08-14 18:40:39,250 - INFO - validation - AUC: 0.9729, AP: 0.9801
2025-08-14 18:40:39,251 - INFO - Epoch  35/100 | Loss: 0.6933 | Time: 139.31s
2025-08-14 18:42:48,098 - INFO - Epoch  36/100 | Loss: 0.6930 | Time: 128.85s
2025-08-14 18:44:57,400 - INFO - Epoch  37/100 | Loss: 0.6931 | Time: 129.30s
2025-08-14 18:47:05,988 - INFO - Epoch  38/100 | Loss: 0.6931 | Time: 128.59s
2025-08-14 18:49:15,558 - INFO - Epoch  39/100 | Loss: 0.6931 | Time: 129.57s
2025-08-14 18:51:35,500 - INFO - validation - AUC: 0.8600, AP: 0.7912
2025-08-14 18:51:35,501 - INFO - Epoch  40/100 | Loss: 0.6933 | Time: 139.94s
2025-08-14 18:53:44,225 - INFO - Epoch  41/100 | Loss: 0.6931 | Time: 128.72s
2025-08-14 18:55:53,395 - INFO - Epoch  42/100 | Loss: 0.6928 | Time: 129.17s
2025-08-14 18:58:01,137 - INFO - Epoch  43/100 | Loss: 0.6924 | Time: 127.74s
2025-08-14 19:00:10,057 - INFO - Epoch  44/100 | Loss: 0.6923 | Time: 128.92s
2025-08-14 19:02:30,055 - INFO - validation - AUC: 0.7583, AP: 0.7431
2025-08-14 19:02:30,056 - INFO - Epoch  45/100 | Loss: 0.6923 | Time: 140.00s
2025-08-14 19:04:39,450 - INFO - Epoch  46/100 | Loss: 0.6920 | Time: 129.39s
2025-08-14 19:06:48,011 - INFO - Epoch  47/100 | Loss: 0.6918 | Time: 128.56s
2025-08-14 19:08:57,730 - INFO - Epoch  48/100 | Loss: 0.6920 | Time: 129.72s
2025-08-14 19:11:07,893 - INFO - Epoch  49/100 | Loss: 0.6918 | Time: 130.16s
2025-08-14 19:13:28,772 - INFO - validation - AUC: 0.8858, AP: 0.9297
2025-08-14 19:13:28,772 - INFO - Epoch  50/100 | Loss: 0.6918 | Time: 140.88s
