2025-08-15 04:51:13,291 - INFO - Starting experiment: ccasf_weighted_learnable on wikipedia
2025-08-15 04:51:13,291 - INFO - Device: cuda
2025-08-15 04:51:13,291 - INFO - 
==================================================
2025-08-15 04:51:13,291 - INFO - Run 1/5
2025-08-15 04:51:13,291 - INFO - ==================================================
2025-08-15 04:51:13,294 - INFO - Starting training for wikipedia with C-CASF
2025-08-15 04:51:13,294 - INFO - Configuration: {'dataset_name': 'wikipedia', 'model_name': 'DyGMamba_CCASF', 'use_ccasf': True, 'spatial_dim': 64, 'temporal_dim': 64, 'ccasf_output_dim': 128, 'node_feat_dim': 172, 'edge_feat_dim': 172, 'fusion_method': 'weighted', 'weighted_fusion_learnable': True, 'mlp_hidden_dim': None, 'mlp_num_layers': 2, 'use_rpearl': True, 'use_enhanced_lete': True, 'rpearl_k': 16, 'rpearl_mlp_layers': 2, 'rpearl_hidden': 64, 'lete_p': 0.5, 'lete_layer_norm': True, 'lete_scale': True, 'time_feat_dim': 100, 'channel_embedding_dim': 100, 'patch_size': 2, 'num_layers': 2, 'num_heads': 2, 'dropout': 0.1, 'gamma': 0.5, 'max_input_sequence_length': 64, 'max_interaction_times': 10, 'learning_rate': 0.0001, 'weight_decay': 0.01, 'patience': 20, 'num_epochs': 3, 'batch_size': 200, 'eval_batch_size': 200, 'test_batch_size': 200, 'val_ratio': 0.15, 'test_ratio': 0.15, 'negative_sample_strategy': 'random', 'num_neighbors': 20, 'num_runs': 5, 'load_best_configs': False, 'device': 'cuda', 'num_workers': 8, 'seed': 0, 'data_root': '/home/s2516027/GLCE/processed_data', 'output_root': '/home/s2516027/GLCE/results', 'checkpoint_dir': '/home/s2516027/GLCE/checkpoints', 'log_every': 1, 'eval_every': 5, 'save_model': True, 'verbose': True}
2025-08-15 04:51:13,295 - INFO - Loading wikipedia dataset...
2025-08-15 04:51:13,716 - INFO - Number of nodes: 9228
2025-08-15 04:51:13,716 - INFO - Number of edges: 157475
2025-08-15 04:51:13,716 - INFO - Node feature dimension: 172
2025-08-15 04:51:13,716 - INFO - Edge feature dimension: 172
2025-08-15 04:51:13,717 - INFO - Training interactions: 79202
2025-08-15 04:51:13,717 - INFO - Validation interactions: 23621
2025-08-15 04:51:13,717 - INFO - Test interactions: 23621
2025-08-15 04:51:14,271 - INFO - Creating model: DyGMamba_CCASF
2025-08-15 04:51:14,591 - INFO - Model created with 715617 parameters
2025-08-15 04:51:14,591 - INFO - C-CASF Configuration:
2025-08-15 04:51:14,591 - INFO -   - Spatial dimension: 64
2025-08-15 04:51:14,591 - INFO -   - Temporal dimension: 64
2025-08-15 04:51:14,591 - INFO -   - Output dimension: 128
2025-08-15 04:51:14,591 - INFO -   - Fusion method: weighted
2025-08-15 04:51:14,591 - INFO -   - Weighted fusion learnable: True
2025-08-15 04:51:14,592 - INFO -   - Using R-PEARL: True
2025-08-15 04:51:14,592 - INFO -   - Using Enhanced LeTE: True
2025-08-15 04:52:57,269 - INFO - save model /home/s2516027/GLCE/checkpoints/wikipedia/ccasf/DyGMamba_CCASF_seed0.pkl
2025-08-15 04:52:57,385 - INFO - Saved best model to /home/s2516027/GLCE/checkpoints/wikipedia/best_ccasf_model_wikipedia.pth
2025-08-15 04:52:57,385 - INFO - Epoch   0/3 | Loss: 0.6937 | Time: 102.74s
2025-08-15 04:54:23,069 - INFO - Epoch   1/3 | Loss: 0.6831 | Time: 85.68s
2025-08-15 04:55:51,409 - INFO - save model /home/s2516027/GLCE/checkpoints/wikipedia/ccasf/DyGMamba_CCASF_seed0.pkl
2025-08-15 04:55:51,510 - INFO - Saved best model to /home/s2516027/GLCE/checkpoints/wikipedia/best_ccasf_model_wikipedia.pth
2025-08-15 04:55:51,510 - INFO - Epoch   2/3 | Loss: 0.6237 | Time: 88.44s
2025-08-15 04:55:51,510 - INFO - Training completed in 276.87s
2025-08-15 04:55:51,510 - INFO - Final evaluation...
2025-08-15 04:57:19,498 - INFO - Saved evaluation results to /home/s2516027/GLCE/results/wikipedia/eval_DyGMamba_CCASF_wikipedia_weighted.json
2025-08-15 04:57:19,519 - INFO - Saved run 0 results to /home/s2516027/GLCE/results/wikipedia/run0_ccasf_weighted_learnable_wikipedia.json
2025-08-15 04:57:19,519 - INFO - 
==================================================
2025-08-15 04:57:19,519 - INFO - Run 2/5
2025-08-15 04:57:19,519 - INFO - ==================================================
2025-08-15 04:57:19,522 - INFO - Starting training for wikipedia with C-CASF
2025-08-15 04:57:19,523 - INFO - Configuration: {'dataset_name': 'wikipedia', 'model_name': 'DyGMamba_CCASF', 'use_ccasf': True, 'spatial_dim': 64, 'temporal_dim': 64, 'ccasf_output_dim': 128, 'node_feat_dim': 172, 'edge_feat_dim': 172, 'fusion_method': 'weighted', 'weighted_fusion_learnable': True, 'mlp_hidden_dim': None, 'mlp_num_layers': 2, 'use_rpearl': True, 'use_enhanced_lete': True, 'rpearl_k': 16, 'rpearl_mlp_layers': 2, 'rpearl_hidden': 64, 'lete_p': 0.5, 'lete_layer_norm': True, 'lete_scale': True, 'time_feat_dim': 100, 'channel_embedding_dim': 100, 'patch_size': 2, 'num_layers': 2, 'num_heads': 2, 'dropout': 0.1, 'gamma': 0.5, 'max_input_sequence_length': 64, 'max_interaction_times': 10, 'learning_rate': 0.0001, 'weight_decay': 0.01, 'patience': 20, 'num_epochs': 3, 'batch_size': 200, 'eval_batch_size': 200, 'test_batch_size': 200, 'val_ratio': 0.15, 'test_ratio': 0.15, 'negative_sample_strategy': 'random', 'num_neighbors': 20, 'num_runs': 5, 'load_best_configs': False, 'device': 'cuda', 'num_workers': 8, 'seed': 0, 'data_root': '/home/s2516027/GLCE/processed_data', 'output_root': '/home/s2516027/GLCE/results', 'checkpoint_dir': '/home/s2516027/GLCE/checkpoints', 'log_every': 1, 'eval_every': 5, 'save_model': True, 'verbose': True}
2025-08-15 04:57:19,523 - INFO - Loading wikipedia dataset...
2025-08-15 04:57:19,926 - INFO - Number of nodes: 9228
2025-08-15 04:57:19,927 - INFO - Number of edges: 157475
2025-08-15 04:57:19,927 - INFO - Node feature dimension: 172
2025-08-15 04:57:19,927 - INFO - Edge feature dimension: 172
2025-08-15 04:57:19,927 - INFO - Training interactions: 79202
2025-08-15 04:57:19,927 - INFO - Validation interactions: 23621
2025-08-15 04:57:19,927 - INFO - Test interactions: 23621
2025-08-15 04:57:20,332 - INFO - Creating model: DyGMamba_CCASF
2025-08-15 04:57:20,401 - INFO - Model created with 715617 parameters
2025-08-15 04:57:20,401 - INFO - C-CASF Configuration:
2025-08-15 04:57:20,401 - INFO -   - Spatial dimension: 64
2025-08-15 04:57:20,401 - INFO -   - Temporal dimension: 64
2025-08-15 04:57:20,401 - INFO -   - Output dimension: 128
2025-08-15 04:57:20,402 - INFO -   - Fusion method: weighted
2025-08-15 04:57:20,402 - INFO -   - Weighted fusion learnable: True
2025-08-15 04:57:20,402 - INFO -   - Using R-PEARL: True
2025-08-15 04:57:20,402 - INFO -   - Using Enhanced LeTE: True
2025-08-15 04:59:01,927 - INFO - save model /home/s2516027/GLCE/checkpoints/wikipedia/ccasf/DyGMamba_CCASF_seed0.pkl
2025-08-15 04:59:02,026 - INFO - Saved best model to /home/s2516027/GLCE/checkpoints/wikipedia/best_ccasf_model_wikipedia.pth
2025-08-15 04:59:02,026 - INFO - Epoch   0/3 | Loss: 0.6933 | Time: 101.59s
2025-08-15 05:00:27,254 - INFO - Epoch   1/3 | Loss: 0.6932 | Time: 85.23s
2025-08-15 05:01:56,247 - INFO - save model /home/s2516027/GLCE/checkpoints/wikipedia/ccasf/DyGMamba_CCASF_seed0.pkl
2025-08-15 05:01:56,292 - INFO - Epoch   2/3 | Loss: 0.6932 | Time: 89.04s
2025-08-15 05:01:56,293 - INFO - Training completed in 275.85s
2025-08-15 05:01:56,293 - INFO - Final evaluation...
2025-08-15 05:03:24,693 - INFO - Saved evaluation results to /home/s2516027/GLCE/results/wikipedia/eval_DyGMamba_CCASF_wikipedia_weighted.json
2025-08-15 05:03:24,723 - INFO - Saved run 1 results to /home/s2516027/GLCE/results/wikipedia/run1_ccasf_weighted_learnable_wikipedia.json
2025-08-15 05:03:24,723 - INFO - 
==================================================
2025-08-15 05:03:24,723 - INFO - Run 3/5
2025-08-15 05:03:24,723 - INFO - ==================================================
2025-08-15 05:03:24,726 - INFO - Starting training for wikipedia with C-CASF
2025-08-15 05:03:24,726 - INFO - Configuration: {'dataset_name': 'wikipedia', 'model_name': 'DyGMamba_CCASF', 'use_ccasf': True, 'spatial_dim': 64, 'temporal_dim': 64, 'ccasf_output_dim': 128, 'node_feat_dim': 172, 'edge_feat_dim': 172, 'fusion_method': 'weighted', 'weighted_fusion_learnable': True, 'mlp_hidden_dim': None, 'mlp_num_layers': 2, 'use_rpearl': True, 'use_enhanced_lete': True, 'rpearl_k': 16, 'rpearl_mlp_layers': 2, 'rpearl_hidden': 64, 'lete_p': 0.5, 'lete_layer_norm': True, 'lete_scale': True, 'time_feat_dim': 100, 'channel_embedding_dim': 100, 'patch_size': 2, 'num_layers': 2, 'num_heads': 2, 'dropout': 0.1, 'gamma': 0.5, 'max_input_sequence_length': 64, 'max_interaction_times': 10, 'learning_rate': 0.0001, 'weight_decay': 0.01, 'patience': 20, 'num_epochs': 3, 'batch_size': 200, 'eval_batch_size': 200, 'test_batch_size': 200, 'val_ratio': 0.15, 'test_ratio': 0.15, 'negative_sample_strategy': 'random', 'num_neighbors': 20, 'num_runs': 5, 'load_best_configs': False, 'device': 'cuda', 'num_workers': 8, 'seed': 0, 'data_root': '/home/s2516027/GLCE/processed_data', 'output_root': '/home/s2516027/GLCE/results', 'checkpoint_dir': '/home/s2516027/GLCE/checkpoints', 'log_every': 1, 'eval_every': 5, 'save_model': True, 'verbose': True}
2025-08-15 05:03:24,726 - INFO - Loading wikipedia dataset...
2025-08-15 05:03:25,119 - INFO - Number of nodes: 9228
2025-08-15 05:03:25,119 - INFO - Number of edges: 157475
2025-08-15 05:03:25,119 - INFO - Node feature dimension: 172
2025-08-15 05:03:25,119 - INFO - Edge feature dimension: 172
2025-08-15 05:03:25,119 - INFO - Training interactions: 79202
2025-08-15 05:03:25,119 - INFO - Validation interactions: 23621
2025-08-15 05:03:25,119 - INFO - Test interactions: 23621
2025-08-15 05:03:25,516 - INFO - Creating model: DyGMamba_CCASF
2025-08-15 05:03:25,584 - INFO - Model created with 715617 parameters
2025-08-15 05:03:25,584 - INFO - C-CASF Configuration:
2025-08-15 05:03:25,584 - INFO -   - Spatial dimension: 64
2025-08-15 05:03:25,585 - INFO -   - Temporal dimension: 64
2025-08-15 05:03:25,585 - INFO -   - Output dimension: 128
2025-08-15 05:03:25,585 - INFO -   - Fusion method: weighted
2025-08-15 05:03:25,585 - INFO -   - Weighted fusion learnable: True
2025-08-15 05:03:25,585 - INFO -   - Using R-PEARL: True
2025-08-15 05:03:25,585 - INFO -   - Using Enhanced LeTE: True
2025-08-15 05:05:07,233 - INFO - save model /home/s2516027/GLCE/checkpoints/wikipedia/ccasf/DyGMamba_CCASF_seed0.pkl
2025-08-15 05:05:07,329 - INFO - Saved best model to /home/s2516027/GLCE/checkpoints/wikipedia/best_ccasf_model_wikipedia.pth
2025-08-15 05:05:07,329 - INFO - Epoch   0/3 | Loss: 0.6933 | Time: 101.71s
2025-08-15 05:06:32,398 - INFO - Epoch   1/3 | Loss: 0.6932 | Time: 85.07s
2025-08-15 05:08:01,180 - INFO - save model /home/s2516027/GLCE/checkpoints/wikipedia/ccasf/DyGMamba_CCASF_seed0.pkl
2025-08-15 05:08:01,225 - INFO - Epoch   2/3 | Loss: 0.6932 | Time: 88.83s
2025-08-15 05:08:01,225 - INFO - Training completed in 275.60s
2025-08-15 05:08:01,225 - INFO - Final evaluation...
2025-08-15 05:09:29,320 - INFO - Saved evaluation results to /home/s2516027/GLCE/results/wikipedia/eval_DyGMamba_CCASF_wikipedia_weighted.json
2025-08-15 05:09:29,355 - INFO - Saved run 2 results to /home/s2516027/GLCE/results/wikipedia/run2_ccasf_weighted_learnable_wikipedia.json
2025-08-15 05:09:29,355 - INFO - 
==================================================
2025-08-15 05:09:29,355 - INFO - Run 4/5
2025-08-15 05:09:29,355 - INFO - ==================================================
2025-08-15 05:09:29,358 - INFO - Starting training for wikipedia with C-CASF
2025-08-15 05:09:29,358 - INFO - Configuration: {'dataset_name': 'wikipedia', 'model_name': 'DyGMamba_CCASF', 'use_ccasf': True, 'spatial_dim': 64, 'temporal_dim': 64, 'ccasf_output_dim': 128, 'node_feat_dim': 172, 'edge_feat_dim': 172, 'fusion_method': 'weighted', 'weighted_fusion_learnable': True, 'mlp_hidden_dim': None, 'mlp_num_layers': 2, 'use_rpearl': True, 'use_enhanced_lete': True, 'rpearl_k': 16, 'rpearl_mlp_layers': 2, 'rpearl_hidden': 64, 'lete_p': 0.5, 'lete_layer_norm': True, 'lete_scale': True, 'time_feat_dim': 100, 'channel_embedding_dim': 100, 'patch_size': 2, 'num_layers': 2, 'num_heads': 2, 'dropout': 0.1, 'gamma': 0.5, 'max_input_sequence_length': 64, 'max_interaction_times': 10, 'learning_rate': 0.0001, 'weight_decay': 0.01, 'patience': 20, 'num_epochs': 3, 'batch_size': 200, 'eval_batch_size': 200, 'test_batch_size': 200, 'val_ratio': 0.15, 'test_ratio': 0.15, 'negative_sample_strategy': 'random', 'num_neighbors': 20, 'num_runs': 5, 'load_best_configs': False, 'device': 'cuda', 'num_workers': 8, 'seed': 0, 'data_root': '/home/s2516027/GLCE/processed_data', 'output_root': '/home/s2516027/GLCE/results', 'checkpoint_dir': '/home/s2516027/GLCE/checkpoints', 'log_every': 1, 'eval_every': 5, 'save_model': True, 'verbose': True}
2025-08-15 05:09:29,358 - INFO - Loading wikipedia dataset...
2025-08-15 05:09:29,755 - INFO - Number of nodes: 9228
2025-08-15 05:09:29,755 - INFO - Number of edges: 157475
2025-08-15 05:09:29,755 - INFO - Node feature dimension: 172
2025-08-15 05:09:29,755 - INFO - Edge feature dimension: 172
2025-08-15 05:09:29,755 - INFO - Training interactions: 79202
2025-08-15 05:09:29,755 - INFO - Validation interactions: 23621
2025-08-15 05:09:29,755 - INFO - Test interactions: 23621
2025-08-15 05:09:30,147 - INFO - Creating model: DyGMamba_CCASF
2025-08-15 05:09:30,216 - INFO - Model created with 715617 parameters
2025-08-15 05:09:30,216 - INFO - C-CASF Configuration:
2025-08-15 05:09:30,216 - INFO -   - Spatial dimension: 64
2025-08-15 05:09:30,217 - INFO -   - Temporal dimension: 64
2025-08-15 05:09:30,217 - INFO -   - Output dimension: 128
2025-08-15 05:09:30,217 - INFO -   - Fusion method: weighted
2025-08-15 05:09:30,217 - INFO -   - Weighted fusion learnable: True
2025-08-15 05:09:30,217 - INFO -   - Using R-PEARL: True
2025-08-15 05:09:30,217 - INFO -   - Using Enhanced LeTE: True
2025-08-15 05:11:11,787 - INFO - save model /home/s2516027/GLCE/checkpoints/wikipedia/ccasf/DyGMamba_CCASF_seed0.pkl
2025-08-15 05:11:11,887 - INFO - Saved best model to /home/s2516027/GLCE/checkpoints/wikipedia/best_ccasf_model_wikipedia.pth
2025-08-15 05:11:11,888 - INFO - Epoch   0/3 | Loss: 0.6933 | Time: 101.63s
2025-08-15 05:12:37,258 - INFO - Epoch   1/3 | Loss: 0.6932 | Time: 85.37s
2025-08-15 05:14:05,647 - INFO - save model /home/s2516027/GLCE/checkpoints/wikipedia/ccasf/DyGMamba_CCASF_seed0.pkl
2025-08-15 05:14:05,693 - INFO - Epoch   2/3 | Loss: 0.6932 | Time: 88.43s
2025-08-15 05:14:05,693 - INFO - Training completed in 275.44s
2025-08-15 05:14:05,693 - INFO - Final evaluation...
2025-08-15 05:15:33,978 - INFO - Saved evaluation results to /home/s2516027/GLCE/results/wikipedia/eval_DyGMamba_CCASF_wikipedia_weighted.json
2025-08-15 05:15:34,007 - INFO - Saved run 3 results to /home/s2516027/GLCE/results/wikipedia/run3_ccasf_weighted_learnable_wikipedia.json
2025-08-15 05:15:34,007 - INFO - 
==================================================
2025-08-15 05:15:34,008 - INFO - Run 5/5
2025-08-15 05:15:34,008 - INFO - ==================================================
2025-08-15 05:15:34,011 - INFO - Starting training for wikipedia with C-CASF
2025-08-15 05:15:34,011 - INFO - Configuration: {'dataset_name': 'wikipedia', 'model_name': 'DyGMamba_CCASF', 'use_ccasf': True, 'spatial_dim': 64, 'temporal_dim': 64, 'ccasf_output_dim': 128, 'node_feat_dim': 172, 'edge_feat_dim': 172, 'fusion_method': 'weighted', 'weighted_fusion_learnable': True, 'mlp_hidden_dim': None, 'mlp_num_layers': 2, 'use_rpearl': True, 'use_enhanced_lete': True, 'rpearl_k': 16, 'rpearl_mlp_layers': 2, 'rpearl_hidden': 64, 'lete_p': 0.5, 'lete_layer_norm': True, 'lete_scale': True, 'time_feat_dim': 100, 'channel_embedding_dim': 100, 'patch_size': 2, 'num_layers': 2, 'num_heads': 2, 'dropout': 0.1, 'gamma': 0.5, 'max_input_sequence_length': 64, 'max_interaction_times': 10, 'learning_rate': 0.0001, 'weight_decay': 0.01, 'patience': 20, 'num_epochs': 3, 'batch_size': 200, 'eval_batch_size': 200, 'test_batch_size': 200, 'val_ratio': 0.15, 'test_ratio': 0.15, 'negative_sample_strategy': 'random', 'num_neighbors': 20, 'num_runs': 5, 'load_best_configs': False, 'device': 'cuda', 'num_workers': 8, 'seed': 0, 'data_root': '/home/s2516027/GLCE/processed_data', 'output_root': '/home/s2516027/GLCE/results', 'checkpoint_dir': '/home/s2516027/GLCE/checkpoints', 'log_every': 1, 'eval_every': 5, 'save_model': True, 'verbose': True}
2025-08-15 05:15:34,011 - INFO - Loading wikipedia dataset...
2025-08-15 05:15:34,406 - INFO - Number of nodes: 9228
2025-08-15 05:15:34,406 - INFO - Number of edges: 157475
2025-08-15 05:15:34,406 - INFO - Node feature dimension: 172
2025-08-15 05:15:34,406 - INFO - Edge feature dimension: 172
2025-08-15 05:15:34,406 - INFO - Training interactions: 79202
2025-08-15 05:15:34,406 - INFO - Validation interactions: 23621
2025-08-15 05:15:34,406 - INFO - Test interactions: 23621
2025-08-15 05:15:34,802 - INFO - Creating model: DyGMamba_CCASF
2025-08-15 05:15:34,871 - INFO - Model created with 715617 parameters
2025-08-15 05:15:34,871 - INFO - C-CASF Configuration:
2025-08-15 05:15:34,871 - INFO -   - Spatial dimension: 64
2025-08-15 05:15:34,871 - INFO -   - Temporal dimension: 64
2025-08-15 05:15:34,871 - INFO -   - Output dimension: 128
2025-08-15 05:15:34,871 - INFO -   - Fusion method: weighted
2025-08-15 05:15:34,871 - INFO -   - Weighted fusion learnable: True
2025-08-15 05:15:34,871 - INFO -   - Using R-PEARL: True
2025-08-15 05:15:34,871 - INFO -   - Using Enhanced LeTE: True
2025-08-15 05:17:16,597 - INFO - save model /home/s2516027/GLCE/checkpoints/wikipedia/ccasf/DyGMamba_CCASF_seed0.pkl
2025-08-15 05:17:16,699 - INFO - Saved best model to /home/s2516027/GLCE/checkpoints/wikipedia/best_ccasf_model_wikipedia.pth
2025-08-15 05:17:16,699 - INFO - Epoch   0/3 | Loss: 0.6933 | Time: 101.79s
2025-08-15 05:18:42,247 - INFO - Epoch   1/3 | Loss: 0.6932 | Time: 85.55s
2025-08-15 05:20:10,691 - INFO - save model /home/s2516027/GLCE/checkpoints/wikipedia/ccasf/DyGMamba_CCASF_seed0.pkl
2025-08-15 05:20:10,738 - INFO - Epoch   2/3 | Loss: 0.6932 | Time: 88.49s
2025-08-15 05:20:10,739 - INFO - Training completed in 275.83s
2025-08-15 05:20:10,739 - INFO - Final evaluation...
2025-08-15 05:21:39,006 - INFO - Saved evaluation results to /home/s2516027/GLCE/results/wikipedia/eval_DyGMamba_CCASF_wikipedia_weighted.json
2025-08-15 05:21:39,035 - INFO - Saved run 4 results to /home/s2516027/GLCE/results/wikipedia/run4_ccasf_weighted_learnable_wikipedia.json
2025-08-15 05:21:39,035 - INFO - 
==================================================
2025-08-15 05:21:39,035 - INFO - FINAL RESULTS
2025-08-15 05:21:39,035 - INFO - ==================================================
2025-08-15 05:21:39,036 - INFO - train_auc: 0.4978 ± 0.0043
2025-08-15 05:21:39,036 - INFO - train_ap: 0.5047 ± 0.0093
2025-08-15 05:21:39,036 - INFO - val_auc: 0.5001 ± 0.0002
2025-08-15 05:21:39,036 - INFO - val_ap: 0.5055 ± 0.0110
2025-08-15 05:21:39,036 - INFO - test_auc: 0.4984 ± 0.0032
2025-08-15 05:21:39,036 - INFO - test_ap: 0.5041 ± 0.0082
2025-08-15 05:21:39,036 - INFO - new_val_auc: 0.4961 ± 0.0079
2025-08-15 05:21:39,036 - INFO - new_val_ap: 0.5058 ± 0.0117
2025-08-15 05:21:39,036 - INFO - new_test_auc: 0.4984 ± 0.0032
2025-08-15 05:21:39,036 - INFO - new_test_ap: 0.5046 ± 0.0093
2025-08-15 05:21:39,039 - INFO - Results saved to /home/s2516027/GLCE/results/wikipedia/results_ccasf_weighted_learnable_wikipedia.txt
