2025-08-14 23:26:19,894 - INFO - Starting experiment: ccasf_clifford on wikipedia
2025-08-14 23:26:19,894 - INFO - Device: cuda
2025-08-14 23:26:19,894 - INFO - 
==================================================
2025-08-14 23:26:19,894 - INFO - Run 1/5
2025-08-14 23:26:19,894 - INFO - ==================================================
2025-08-14 23:26:19,993 - INFO - Starting training for wikipedia with C-CASF
2025-08-14 23:26:19,993 - INFO - Configuration: {'dataset_name': 'wikipedia', 'model_name': 'DyGMamba_CCASF', 'use_ccasf': True, 'spatial_dim': 64, 'temporal_dim': 64, 'ccasf_output_dim': 128, 'node_feat_dim': 172, 'edge_feat_dim': 172, 'fusion_method': 'clifford', 'weighted_fusion_learnable': True, 'mlp_hidden_dim': None, 'mlp_num_layers': 2, 'use_rpearl': True, 'use_enhanced_lete': True, 'rpearl_k': 16, 'rpearl_mlp_layers': 2, 'rpearl_hidden': 64, 'lete_p': 0.5, 'lete_layer_norm': True, 'lete_scale': True, 'time_feat_dim': 100, 'channel_embedding_dim': 100, 'patch_size': 2, 'num_layers': 2, 'num_heads': 2, 'dropout': 0.1, 'gamma': 0.5, 'max_input_sequence_length': 64, 'max_interaction_times': 10, 'learning_rate': 0.0001, 'weight_decay': 0.01, 'patience': 20, 'num_epochs': 100, 'batch_size': 200, 'eval_batch_size': 200, 'test_batch_size': 200, 'val_ratio': 0.15, 'test_ratio': 0.15, 'negative_sample_strategy': 'random', 'num_neighbors': 20, 'num_runs': 5, 'load_best_configs': False, 'device': 'cuda', 'num_workers': 8, 'seed': 0, 'data_root': '/home/s2516027/GLCE/processed_data', 'output_root': '/home/s2516027/GLCE/results', 'checkpoint_dir': '/home/s2516027/GLCE/checkpoints', 'log_every': 1, 'eval_every': 5, 'save_model': True, 'verbose': True}
2025-08-14 23:26:19,994 - INFO - Loading wikipedia dataset...
2025-08-14 23:26:20,757 - INFO - Number of nodes: 9228
2025-08-14 23:26:20,758 - INFO - Number of edges: 157475
2025-08-14 23:26:20,758 - INFO - Node feature dimension: 172
2025-08-14 23:26:20,758 - INFO - Edge feature dimension: 172
2025-08-14 23:26:20,758 - INFO - Training interactions: 79202
2025-08-14 23:26:20,758 - INFO - Validation interactions: 23621
2025-08-14 23:26:20,758 - INFO - Test interactions: 23621
2025-08-14 23:26:21,301 - INFO - Creating DyGMamba with C-CASF integration...
2025-08-14 23:26:21,707 - INFO - Model created with 1231711 parameters
2025-08-14 23:26:21,707 - INFO - C-CASF Configuration:
2025-08-14 23:26:21,707 - INFO -   - Spatial dimension: 64
2025-08-14 23:26:21,707 - INFO -   - Temporal dimension: 64
2025-08-14 23:26:21,707 - INFO -   - Output dimension: 128
2025-08-14 23:26:21,707 - INFO -   - Fusion method: clifford
2025-08-14 23:26:21,707 - INFO -   - Using R-PEARL: True
2025-08-14 23:26:21,707 - INFO -   - Using Enhanced LeTE: True
2025-08-14 23:28:42,979 - INFO - save model /home/s2516027/GLCE/checkpoints/wikipedia/ccasf/DyGMamba_CCASF_seed0.pkl
2025-08-14 23:28:43,161 - INFO - Saved best model to /home/s2516027/GLCE/checkpoints/wikipedia/best_ccasf_model_wikipedia.pth
2025-08-14 23:28:43,161 - INFO - Epoch   0/100 | Loss: 0.6859 | Time: 141.41s
2025-08-14 23:30:44,217 - INFO - Epoch   1/100 | Loss: 0.6446 | Time: 121.06s
2025-08-14 23:32:44,989 - INFO - Epoch   2/100 | Loss: 0.6243 | Time: 120.77s
2025-08-14 23:34:45,903 - INFO - Epoch   3/100 | Loss: 0.6044 | Time: 120.91s
2025-08-14 23:36:46,986 - INFO - Epoch   4/100 | Loss: 0.6004 | Time: 121.08s
2025-08-14 23:38:52,082 - INFO - Epoch   5/100 | Loss: 0.5945 | Time: 125.10s
2025-08-14 23:40:53,189 - INFO - Epoch   6/100 | Loss: 0.6110 | Time: 121.11s
2025-08-14 23:42:54,431 - INFO - Epoch   7/100 | Loss: 0.5952 | Time: 121.24s
2025-08-14 23:44:55,586 - INFO - Epoch   8/100 | Loss: 0.5945 | Time: 121.15s
2025-08-14 23:46:57,112 - INFO - Epoch   9/100 | Loss: 0.5803 | Time: 121.53s
2025-08-14 23:49:03,661 - INFO - Epoch  10/100 | Loss: 0.5773 | Time: 126.55s
2025-08-14 23:51:04,883 - INFO - Epoch  11/100 | Loss: 0.5801 | Time: 121.22s
2025-08-14 23:53:06,584 - INFO - Epoch  12/100 | Loss: 0.5913 | Time: 121.70s
2025-08-14 23:55:08,415 - INFO - Epoch  13/100 | Loss: 0.5714 | Time: 121.83s
2025-08-14 23:57:09,681 - INFO - Epoch  14/100 | Loss: 0.5710 | Time: 121.26s
2025-08-14 23:59:14,620 - INFO - Epoch  15/100 | Loss: 0.5603 | Time: 124.94s
2025-08-15 00:01:15,989 - INFO - Epoch  16/100 | Loss: 0.5642 | Time: 121.37s
2025-08-15 00:03:17,053 - INFO - Epoch  17/100 | Loss: 0.5533 | Time: 121.06s
2025-08-15 00:05:17,994 - INFO - Epoch  18/100 | Loss: 0.5635 | Time: 120.94s
2025-08-15 00:07:19,323 - INFO - Epoch  19/100 | Loss: 0.5418 | Time: 121.33s
2025-08-15 00:09:24,121 - INFO - Epoch  20/100 | Loss: 0.5333 | Time: 124.80s
2025-08-15 00:11:25,478 - INFO - Epoch  21/100 | Loss: 0.5513 | Time: 121.36s
2025-08-15 00:13:26,859 - INFO - Epoch  22/100 | Loss: 0.5501 | Time: 121.38s
2025-08-15 00:15:28,181 - INFO - Epoch  23/100 | Loss: 0.5504 | Time: 121.32s
2025-08-15 00:17:29,751 - INFO - Epoch  24/100 | Loss: 0.5526 | Time: 121.57s
2025-08-15 00:19:35,538 - INFO - Epoch  25/100 | Loss: 0.5991 | Time: 125.79s
2025-08-15 00:21:36,888 - INFO - Epoch  26/100 | Loss: 0.5743 | Time: 121.35s
2025-08-15 00:23:38,808 - INFO - Epoch  27/100 | Loss: 0.5834 | Time: 121.92s
2025-08-15 00:25:41,030 - INFO - Epoch  28/100 | Loss: 0.5774 | Time: 122.22s
2025-08-15 00:27:42,103 - INFO - Epoch  29/100 | Loss: 0.5643 | Time: 121.07s
