2025-08-15 03:36:30,827 - INFO - Starting experiment: ccasf_clifford on wikipedia
2025-08-15 03:36:30,827 - INFO - Device: cuda
2025-08-15 03:36:30,827 - INFO - 
==================================================
2025-08-15 03:36:30,827 - INFO - Run 1/5
2025-08-15 03:36:30,827 - INFO - ==================================================
2025-08-15 03:36:30,832 - INFO - Starting training for wikipedia with C-CASF
2025-08-15 03:36:30,833 - INFO - Configuration: {'dataset_name': 'wikipedia', 'model_name': 'DyGMamba_CCASF', 'use_ccasf': True, 'spatial_dim': 64, 'temporal_dim': 64, 'ccasf_output_dim': 128, 'node_feat_dim': 172, 'edge_feat_dim': 172, 'fusion_method': 'clifford', 'weighted_fusion_learnable': True, 'mlp_hidden_dim': None, 'mlp_num_layers': 2, 'use_rpearl': True, 'use_enhanced_lete': True, 'rpearl_k': 16, 'rpearl_mlp_layers': 2, 'rpearl_hidden': 64, 'lete_p': 0.5, 'lete_layer_norm': True, 'lete_scale': True, 'time_feat_dim': 3, 'channel_embedding_dim': 100, 'patch_size': 2, 'num_layers': 2, 'num_heads': 2, 'dropout': 0.1, 'gamma': 0.5, 'max_input_sequence_length': 64, 'max_interaction_times': 10, 'learning_rate': 0.0001, 'weight_decay': 0.01, 'patience': 20, 'num_epochs': 100, 'batch_size': 200, 'eval_batch_size': 200, 'test_batch_size': 200, 'val_ratio': 0.15, 'test_ratio': 0.15, 'negative_sample_strategy': 'random', 'num_neighbors': 20, 'num_runs': 5, 'load_best_configs': False, 'device': 'cuda', 'num_workers': 8, 'seed': 0, 'data_root': '/home/s2516027/GLCE/processed_data', 'output_root': '/home/s2516027/GLCE/results', 'checkpoint_dir': '/home/s2516027/GLCE/checkpoints', 'log_every': 1, 'eval_every': 5, 'save_model': True, 'verbose': True}
2025-08-15 03:36:30,834 - INFO - Loading wikipedia dataset...
2025-08-15 03:36:31,267 - INFO - Number of nodes: 9228
2025-08-15 03:36:31,267 - INFO - Number of edges: 157475
2025-08-15 03:36:31,267 - INFO - Node feature dimension: 172
2025-08-15 03:36:31,267 - INFO - Edge feature dimension: 172
2025-08-15 03:36:31,267 - INFO - Training interactions: 79202
2025-08-15 03:36:31,267 - INFO - Validation interactions: 23621
2025-08-15 03:36:31,267 - INFO - Test interactions: 23621
2025-08-15 03:36:31,793 - INFO - Creating model: DyGMamba_CCASF
2025-08-15 03:36:32,174 - INFO - Model created with 1231711 parameters
2025-08-15 03:36:32,174 - INFO - C-CASF Configuration:
2025-08-15 03:36:32,174 - INFO -   - Spatial dimension: 64
2025-08-15 03:36:32,174 - INFO -   - Temporal dimension: 64
2025-08-15 03:36:32,174 - INFO -   - Output dimension: 128
2025-08-15 03:36:32,174 - INFO -   - Fusion method: clifford
2025-08-15 03:36:32,174 - INFO -   - Using R-PEARL: True
2025-08-15 03:36:32,174 - INFO -   - Using Enhanced LeTE: True
2025-08-15 03:38:47,563 - INFO - save model /home/s2516027/GLCE/checkpoints/wikipedia/ccasf/DyGMamba_CCASF_seed0.pkl
2025-08-15 03:38:47,746 - INFO - Saved best model to /home/s2516027/GLCE/checkpoints/wikipedia/best_ccasf_model_wikipedia.pth
2025-08-15 03:38:47,746 - INFO - Epoch   0/100 | Loss: 0.6885 | Time: 135.53s
2025-08-15 03:40:46,755 - INFO - Epoch   1/100 | Loss: 0.6785 | Time: 119.01s
2025-08-15 03:42:44,810 - INFO - Epoch   2/100 | Loss: 0.6753 | Time: 118.05s
2025-08-15 03:44:43,228 - INFO - Epoch   3/100 | Loss: 0.6485 | Time: 118.42s
2025-08-15 03:46:41,943 - INFO - Epoch   4/100 | Loss: 0.6262 | Time: 118.71s
2025-08-15 03:48:44,802 - INFO - Epoch   5/100 | Loss: 0.6424 | Time: 122.86s
2025-08-15 03:50:44,177 - INFO - Epoch   6/100 | Loss: 0.6165 | Time: 119.37s
2025-08-15 03:52:42,827 - INFO - Epoch   7/100 | Loss: 0.6154 | Time: 118.65s
2025-08-15 03:54:40,345 - INFO - Epoch   8/100 | Loss: 0.6010 | Time: 117.52s
2025-08-15 03:56:38,114 - INFO - Epoch   9/100 | Loss: 0.6042 | Time: 117.77s
2025-08-15 03:58:39,784 - INFO - Epoch  10/100 | Loss: 0.5841 | Time: 121.67s
2025-08-15 04:00:37,744 - INFO - Epoch  11/100 | Loss: 0.5825 | Time: 117.96s
2025-08-15 04:02:35,047 - INFO - Epoch  12/100 | Loss: 0.5891 | Time: 117.30s
2025-08-15 04:04:32,846 - INFO - Epoch  13/100 | Loss: 0.5727 | Time: 117.80s
2025-08-15 04:06:30,427 - INFO - Epoch  14/100 | Loss: 0.5658 | Time: 117.58s
2025-08-15 04:08:32,071 - INFO - Epoch  15/100 | Loss: 0.5594 | Time: 121.64s
2025-08-15 04:10:29,804 - INFO - Epoch  16/100 | Loss: 0.5620 | Time: 117.73s
2025-08-15 04:12:27,573 - INFO - Epoch  17/100 | Loss: 0.5545 | Time: 117.77s
2025-08-15 04:14:25,290 - INFO - Epoch  18/100 | Loss: 0.5580 | Time: 117.72s
2025-08-15 04:16:23,411 - INFO - Epoch  19/100 | Loss: 0.5399 | Time: 118.12s
2025-08-15 04:18:26,108 - INFO - Epoch  20/100 | Loss: 0.5265 | Time: 122.70s
2025-08-15 04:20:24,171 - INFO - Epoch  21/100 | Loss: 0.5493 | Time: 118.06s
2025-08-15 04:22:22,364 - INFO - Epoch  22/100 | Loss: 0.5434 | Time: 118.19s
2025-08-15 04:24:20,933 - INFO - Epoch  23/100 | Loss: 0.5477 | Time: 118.57s
