2025-08-14 03:42:50,972 - INFO - Starting experiment: ccasf_clifford on wikipedia
2025-08-14 03:42:50,972 - INFO - Device: cuda
2025-08-14 03:42:50,972 - INFO - 
==================================================
2025-08-14 03:42:50,972 - INFO - Run 1/5
2025-08-14 03:42:50,972 - INFO - ==================================================
2025-08-14 03:42:50,975 - INFO - Starting training for wikipedia with C-CASF
2025-08-14 03:42:50,975 - INFO - Configuration: {'dataset_name': 'wikipedia', 'model_name': 'DyGMamba_CCASF', 'use_ccasf': True, 'spatial_dim': 64, 'temporal_dim': 64, 'ccasf_output_dim': 128, 'node_feat_dim': 172, 'edge_feat_dim': 172, 'fusion_method': 'clifford', 'weighted_fusion_learnable': True, 'mlp_hidden_dim': None, 'mlp_num_layers': 2, 'use_rpearl': True, 'use_enhanced_lete': True, 'rpearl_k': 16, 'rpearl_mlp_layers': 2, 'rpearl_hidden': 64, 'lete_p': 0.5, 'lete_layer_norm': True, 'lete_scale': True, 'time_feat_dim': 100, 'channel_embedding_dim': 100, 'patch_size': 2, 'num_layers': 2, 'num_heads': 2, 'dropout': 0.1, 'gamma': 0.5, 'max_input_sequence_length': 64, 'max_interaction_times': 10, 'learning_rate': 0.0001, 'weight_decay': 0.01, 'patience': 20, 'num_epochs': 100, 'batch_size': 200, 'eval_batch_size': 200, 'test_batch_size': 200, 'val_ratio': 0.15, 'test_ratio': 0.15, 'negative_sample_strategy': 'random', 'num_neighbors': 20, 'num_runs': 5, 'load_best_configs': False, 'device': 'cuda', 'num_workers': 8, 'seed': 0, 'data_root': '/home/s2516027/GLCE/processed_data', 'output_root': '/home/s2516027/GLCE/results', 'checkpoint_dir': '/home/s2516027/GLCE/checkpoints', 'log_every': 1, 'eval_every': 5, 'save_model': True, 'verbose': True}
2025-08-14 03:42:50,976 - INFO - Loading wikipedia dataset...
2025-08-14 03:42:51,394 - INFO - Number of nodes: 9228
2025-08-14 03:42:51,394 - INFO - Number of edges: 157475
2025-08-14 03:42:51,394 - INFO - Node feature dimension: 172
2025-08-14 03:42:51,394 - INFO - Edge feature dimension: 172
2025-08-14 03:42:51,394 - INFO - Training interactions: 79202
2025-08-14 03:42:51,394 - INFO - Validation interactions: 23621
2025-08-14 03:42:51,394 - INFO - Test interactions: 23621
2025-08-14 03:42:51,537 - INFO - Creating DyGMamba with C-CASF integration...
2025-08-14 03:42:51,537 - ERROR - Error creating model
Traceback (most recent call last):
  File "/home/s2516027/GLCE/DyGMamba/train_ccasf_link_prediction.py", line 85, in create_model
    model = DyGMamba_CCASF(
            ^^^^^^^^^^^^^^^
TypeError: DyGMamba_CCASF.__init__() got an unexpected keyword argument 'fusion_method'
2025-08-14 03:42:51,537 - INFO - Falling back to original DyGMamba...
2025-08-14 03:42:51,906 - INFO - Fallback model created with 913995 parameters
2025-08-14 03:42:51,933 - ERROR - Error in batch 0
Traceback (most recent call last):
  File "/home/s2516027/GLCE/DyGMamba/train_ccasf_link_prediction.py", line 159, in train_epoch
    src_embeddings, dst_embeddings = model(batch_src_nodes, batch_dst_nodes, batch_timestamps)
                                     ^^^^^^^^^^^^^^^^^^^^^^^^^^^^^^^^^^^^^^^^^^^^^^^^^^^^^^^^^
  File "/home/s2516027/anaconda3/envs/glce/lib/python3.11/site-packages/torch/nn/modules/module.py", line 1736, in _wrapped_call_impl
    return self._call_impl(*args, **kwargs)
           ^^^^^^^^^^^^^^^^^^^^^^^^^^^^^^^^
  File "/home/s2516027/anaconda3/envs/glce/lib/python3.11/site-packages/torch/nn/modules/module.py", line 1747, in _call_impl
    return forward_call(*args, **kwargs)
           ^^^^^^^^^^^^^^^^^^^^^^^^^^^^^
  File "/home/s2516027/anaconda3/envs/glce/lib/python3.11/site-packages/torch/nn/modules/module.py", line 394, in _forward_unimplemented
    raise NotImplementedError(
NotImplementedError: Module [DyGMamba] is missing the required "forward" function
2025-08-14 03:42:51,934 - ERROR - Error in run 0
Traceback (most recent call last):
  File "/home/s2516027/GLCE/DyGMamba/train_ccasf_link_prediction.py", line 383, in main
    results, model = train_model(config, logger)
                     ^^^^^^^^^^^^^^^^^^^^^^^^^^^
  File "/home/s2516027/GLCE/DyGMamba/train_ccasf_link_prediction.py", line 274, in train_model
    train_loss = train_epoch(model, train_data, optimizer, criterion, config, logger)
                 ^^^^^^^^^^^^^^^^^^^^^^^^^^^^^^^^^^^^^^^^^^^^^^^^^^^^^^^^^^^^^^^^^^^^
  File "/home/s2516027/GLCE/DyGMamba/train_ccasf_link_prediction.py", line 159, in train_epoch
    src_embeddings, dst_embeddings = model(batch_src_nodes, batch_dst_nodes, batch_timestamps)
                                     ^^^^^^^^^^^^^^^^^^^^^^^^^^^^^^^^^^^^^^^^^^^^^^^^^^^^^^^^^
  File "/home/s2516027/anaconda3/envs/glce/lib/python3.11/site-packages/torch/nn/modules/module.py", line 1736, in _wrapped_call_impl
    return self._call_impl(*args, **kwargs)
           ^^^^^^^^^^^^^^^^^^^^^^^^^^^^^^^^
  File "/home/s2516027/anaconda3/envs/glce/lib/python3.11/site-packages/torch/nn/modules/module.py", line 1747, in _call_impl
    return forward_call(*args, **kwargs)
           ^^^^^^^^^^^^^^^^^^^^^^^^^^^^^
  File "/home/s2516027/anaconda3/envs/glce/lib/python3.11/site-packages/torch/nn/modules/module.py", line 394, in _forward_unimplemented
    raise NotImplementedError(
NotImplementedError: Module [DyGMamba] is missing the required "forward" function
