2025-08-17 02:12:44,770 - INFO - Starting experiment: ccasf_cross_attention on wikipedia
2025-08-17 02:12:44,770 - INFO - Device: cuda
2025-08-17 02:12:44,770 - INFO - 
==================================================
2025-08-17 02:12:44,770 - INFO - Run 1/1 - DyRep with cross_attention
2025-08-17 02:12:44,770 - INFO - ==================================================
2025-08-17 02:12:44,774 - INFO - Starting training for wikipedia with C-CASF
2025-08-17 02:12:44,774 - INFO - Configuration: {'dataset_name': 'wikipedia', 'model_name': 'DyRep', 'use_ccasf': True, 'spatial_dim': 64, 'temporal_dim': 64, 'ccasf_output_dim': 128, 'node_feat_dim': 172, 'edge_feat_dim': 172, 'fusion_method': 'cross_attention', 'weighted_fusion_learnable': True, 'mlp_hidden_dim': None, 'mlp_num_layers': 2, 'cross_attn_heads': 8, 'use_rpearl': True, 'use_enhanced_lete': True, 'rpearl_k': 16, 'rpearl_mlp_layers': 2, 'rpearl_hidden': 64, 'lete_p': 0.5, 'lete_layer_norm': True, 'lete_scale': True, 'time_feat_dim': 100, 'channel_embedding_dim': 100, 'patch_size': 2, 'num_layers': 2, 'num_heads': 2, 'dropout': 0.1, 'gamma': 0.5, 'max_input_sequence_length': 64, 'max_interaction_times': 10, 'learning_rate': 0.0001, 'weight_decay': 0.01, 'patience': 20, 'num_epochs': 3, 'batch_size': 200, 'eval_batch_size': 200, 'test_batch_size': 200, 'val_ratio': 0.15, 'test_ratio': 0.15, 'negative_sample_strategy': 'random', 'num_neighbors': 20, 'num_runs': 1, 'load_best_configs': False, 'device': 'cuda', 'num_workers': 8, 'seed': 0, 'data_root': '/home/s2516027/GLCE/processed_data', 'output_root': '/home/s2516027/GLCE/results', 'checkpoint_dir': '/home/s2516027/GLCE/checkpoints', 'log_every': 1, 'eval_every': 5, 'save_model': True, 'verbose': True}
2025-08-17 02:12:44,775 - INFO - Loading wikipedia dataset...
2025-08-17 02:12:45,192 - INFO - Number of nodes: 9228
2025-08-17 02:12:45,192 - INFO - Number of edges: 157475
2025-08-17 02:12:45,193 - INFO - Node feature dimension: 172
2025-08-17 02:12:45,193 - INFO - Edge feature dimension: 172
2025-08-17 02:12:45,193 - INFO - Training interactions: 79202
2025-08-17 02:12:45,193 - INFO - Validation interactions: 23621
2025-08-17 02:12:45,193 - INFO - Test interactions: 23621
2025-08-17 02:12:45,704 - INFO - Creating model: DyRep
2025-08-17 02:12:45,961 - INFO - Wrapping DyRep with C-CASF
2025-08-17 02:12:45,962 - INFO - Model created with 1188825 parameters
2025-08-17 02:12:45,969 - INFO - Sorted training data by timestamp for memory-based model DyRep
2025-08-17 02:17:35,678 - INFO - save model /home/s2516027/GLCE/checkpoints/wikipedia/models/DyRep/DyRep_cross_attention_seed0.pkl
2025-08-17 02:17:36,317 - INFO - Non-parametric data (memory_bank.node_raw_messages) saved to /home/s2516027/GLCE/checkpoints/wikipedia/models/DyRep/DyRep_cross_attention_seed0_nonparametric_data.pkl
2025-08-17 02:17:36,415 - INFO - Saved best model to /home/s2516027/GLCE/checkpoints/wikipedia/best_models/best_DyRep_cross_attention_wikipedia.pth
2025-08-17 02:17:36,415 - INFO - Epoch   0/3 | Loss: 0.6417 | Time: 290.41s
2025-08-17 02:21:27,605 - INFO - Epoch   1/3 | Loss: 0.5922 | Time: 231.19s
