2025-08-15 18:28:40,462 - INFO - Starting experiment: ccasf_clifford on wikipedia
2025-08-15 18:28:40,463 - INFO - Device: cuda
2025-08-15 18:28:40,463 - INFO - 
==================================================
2025-08-15 18:28:40,463 - INFO - Run 1/5
2025-08-15 18:28:40,463 - INFO - ==================================================
2025-08-15 18:28:40,560 - INFO - Starting training for wikipedia with C-CASF
2025-08-15 18:28:40,560 - INFO - Configuration: {'dataset_name': 'wikipedia', 'model_name': 'TGAT', 'use_ccasf': True, 'spatial_dim': 64, 'temporal_dim': 64, 'ccasf_output_dim': 128, 'node_feat_dim': 172, 'edge_feat_dim': 172, 'fusion_method': 'clifford', 'weighted_fusion_learnable': True, 'mlp_hidden_dim': None, 'mlp_num_layers': 2, 'use_rpearl': True, 'use_enhanced_lete': True, 'rpearl_k': 16, 'rpearl_mlp_layers': 2, 'rpearl_hidden': 64, 'lete_p': 0.5, 'lete_layer_norm': True, 'lete_scale': True, 'time_feat_dim': 100, 'channel_embedding_dim': 100, 'patch_size': 2, 'num_layers': 2, 'num_heads': 2, 'dropout': 0.1, 'gamma': 0.5, 'max_input_sequence_length': 64, 'max_interaction_times': 10, 'learning_rate': 0.0001, 'weight_decay': 0.01, 'patience': 20, 'num_epochs': 3, 'batch_size': 200, 'eval_batch_size': 200, 'test_batch_size': 200, 'val_ratio': 0.15, 'test_ratio': 0.15, 'negative_sample_strategy': 'random', 'num_neighbors': 20, 'num_runs': 5, 'load_best_configs': False, 'device': 'cuda', 'num_workers': 8, 'seed': 0, 'data_root': '/home/s2516027/GLCE/processed_data', 'output_root': '/home/s2516027/GLCE/results', 'checkpoint_dir': '/home/s2516027/GLCE/checkpoints', 'log_every': 1, 'eval_every': 5, 'save_model': True, 'verbose': True}
2025-08-15 18:28:40,560 - INFO - Loading wikipedia dataset...
2025-08-15 18:28:41,383 - INFO - Number of nodes: 9228
2025-08-15 18:28:41,383 - INFO - Number of edges: 157475
2025-08-15 18:28:41,383 - INFO - Node feature dimension: 172
2025-08-15 18:28:41,383 - INFO - Edge feature dimension: 172
2025-08-15 18:28:41,384 - INFO - Training interactions: 79202
2025-08-15 18:28:41,384 - INFO - Validation interactions: 23621
2025-08-15 18:28:41,384 - INFO - Test interactions: 23621
2025-08-15 18:28:41,913 - INFO - Creating model: TGAT
2025-08-15 18:28:42,170 - INFO - Wrapping TGAT with C-CASF
2025-08-15 18:28:42,172 - INFO - Model created with 1052945 parameters
2025-08-15 18:31:58,503 - INFO - save model /home/s2516027/GLCE/checkpoints/wikipedia/ccasf/DyGMamba_CCASF_seed0.pkl
2025-08-15 18:31:58,676 - INFO - Saved best model to /home/s2516027/GLCE/checkpoints/wikipedia/best_ccasf_model_wikipedia.pth
2025-08-15 18:31:58,677 - INFO - Epoch   0/3 | Loss: 0.6013 | Time: 196.45s
2025-08-15 18:34:29,392 - INFO - Epoch   1/3 | Loss: 0.5257 | Time: 150.72s
2025-08-15 18:37:44,053 - INFO - Epoch   2/3 | Loss: 0.5172 | Time: 194.66s
2025-08-15 18:37:44,054 - INFO - Training completed in 541.82s
2025-08-15 18:37:44,054 - INFO - Final evaluation...
2025-08-15 18:42:08,343 - INFO - Saved evaluation results to /home/s2516027/GLCE/results/wikipedia/eval_TGAT_wikipedia_clifford.json
2025-08-15 18:42:08,379 - INFO - Saved run 0 results to /home/s2516027/GLCE/results/wikipedia/run0_ccasf_clifford_wikipedia.json
2025-08-15 18:42:08,379 - INFO - 
==================================================
2025-08-15 18:42:08,379 - INFO - Run 2/5
2025-08-15 18:42:08,379 - INFO - ==================================================
2025-08-15 18:42:08,384 - INFO - Starting training for wikipedia with C-CASF
2025-08-15 18:42:08,384 - INFO - Configuration: {'dataset_name': 'wikipedia', 'model_name': 'TGAT', 'use_ccasf': True, 'spatial_dim': 64, 'temporal_dim': 64, 'ccasf_output_dim': 128, 'node_feat_dim': 172, 'edge_feat_dim': 172, 'fusion_method': 'clifford', 'weighted_fusion_learnable': True, 'mlp_hidden_dim': None, 'mlp_num_layers': 2, 'use_rpearl': True, 'use_enhanced_lete': True, 'rpearl_k': 16, 'rpearl_mlp_layers': 2, 'rpearl_hidden': 64, 'lete_p': 0.5, 'lete_layer_norm': True, 'lete_scale': True, 'time_feat_dim': 100, 'channel_embedding_dim': 100, 'patch_size': 2, 'num_layers': 2, 'num_heads': 2, 'dropout': 0.1, 'gamma': 0.5, 'max_input_sequence_length': 64, 'max_interaction_times': 10, 'learning_rate': 0.0001, 'weight_decay': 0.01, 'patience': 20, 'num_epochs': 3, 'batch_size': 200, 'eval_batch_size': 200, 'test_batch_size': 200, 'val_ratio': 0.15, 'test_ratio': 0.15, 'negative_sample_strategy': 'random', 'num_neighbors': 20, 'num_runs': 5, 'load_best_configs': False, 'device': 'cuda', 'num_workers': 8, 'seed': 0, 'data_root': '/home/s2516027/GLCE/processed_data', 'output_root': '/home/s2516027/GLCE/results', 'checkpoint_dir': '/home/s2516027/GLCE/checkpoints', 'log_every': 1, 'eval_every': 5, 'save_model': True, 'verbose': True}
2025-08-15 18:42:08,384 - INFO - Loading wikipedia dataset...
2025-08-15 18:42:08,810 - INFO - Number of nodes: 9228
2025-08-15 18:42:08,810 - INFO - Number of edges: 157475
2025-08-15 18:42:08,810 - INFO - Node feature dimension: 172
2025-08-15 18:42:08,810 - INFO - Edge feature dimension: 172
2025-08-15 18:42:08,810 - INFO - Training interactions: 79202
2025-08-15 18:42:08,810 - INFO - Validation interactions: 23621
2025-08-15 18:42:08,810 - INFO - Test interactions: 23621
2025-08-15 18:42:09,214 - INFO - Creating model: TGAT
2025-08-15 18:42:09,273 - INFO - Wrapping TGAT with C-CASF
2025-08-15 18:42:09,274 - INFO - Model created with 1052945 parameters
2025-08-15 18:45:23,901 - INFO - save model /home/s2516027/GLCE/checkpoints/wikipedia/ccasf/DyGMamba_CCASF_seed0.pkl
2025-08-15 18:45:24,067 - INFO - Saved best model to /home/s2516027/GLCE/checkpoints/wikipedia/best_ccasf_model_wikipedia.pth
2025-08-15 18:45:24,067 - INFO - Epoch   0/3 | Loss: 0.6013 | Time: 194.76s
2025-08-15 18:47:54,054 - INFO - Epoch   1/3 | Loss: 0.5257 | Time: 149.99s
2025-08-15 18:51:08,388 - INFO - Epoch   2/3 | Loss: 0.5172 | Time: 194.33s
2025-08-15 18:51:08,389 - INFO - Training completed in 539.08s
2025-08-15 18:51:08,389 - INFO - Final evaluation...
2025-08-15 18:55:33,240 - INFO - Saved evaluation results to /home/s2516027/GLCE/results/wikipedia/eval_TGAT_wikipedia_clifford.json
2025-08-15 18:55:33,287 - INFO - Saved run 1 results to /home/s2516027/GLCE/results/wikipedia/run1_ccasf_clifford_wikipedia.json
2025-08-15 18:55:33,288 - INFO - 
==================================================
2025-08-15 18:55:33,288 - INFO - Run 3/5
2025-08-15 18:55:33,288 - INFO - ==================================================
2025-08-15 18:55:33,294 - INFO - Starting training for wikipedia with C-CASF
2025-08-15 18:55:33,294 - INFO - Configuration: {'dataset_name': 'wikipedia', 'model_name': 'TGAT', 'use_ccasf': True, 'spatial_dim': 64, 'temporal_dim': 64, 'ccasf_output_dim': 128, 'node_feat_dim': 172, 'edge_feat_dim': 172, 'fusion_method': 'clifford', 'weighted_fusion_learnable': True, 'mlp_hidden_dim': None, 'mlp_num_layers': 2, 'use_rpearl': True, 'use_enhanced_lete': True, 'rpearl_k': 16, 'rpearl_mlp_layers': 2, 'rpearl_hidden': 64, 'lete_p': 0.5, 'lete_layer_norm': True, 'lete_scale': True, 'time_feat_dim': 100, 'channel_embedding_dim': 100, 'patch_size': 2, 'num_layers': 2, 'num_heads': 2, 'dropout': 0.1, 'gamma': 0.5, 'max_input_sequence_length': 64, 'max_interaction_times': 10, 'learning_rate': 0.0001, 'weight_decay': 0.01, 'patience': 20, 'num_epochs': 3, 'batch_size': 200, 'eval_batch_size': 200, 'test_batch_size': 200, 'val_ratio': 0.15, 'test_ratio': 0.15, 'negative_sample_strategy': 'random', 'num_neighbors': 20, 'num_runs': 5, 'load_best_configs': False, 'device': 'cuda', 'num_workers': 8, 'seed': 0, 'data_root': '/home/s2516027/GLCE/processed_data', 'output_root': '/home/s2516027/GLCE/results', 'checkpoint_dir': '/home/s2516027/GLCE/checkpoints', 'log_every': 1, 'eval_every': 5, 'save_model': True, 'verbose': True}
2025-08-15 18:55:33,295 - INFO - Loading wikipedia dataset...
2025-08-15 18:55:33,711 - INFO - Number of nodes: 9228
2025-08-15 18:55:33,711 - INFO - Number of edges: 157475
2025-08-15 18:55:33,711 - INFO - Node feature dimension: 172
2025-08-15 18:55:33,711 - INFO - Edge feature dimension: 172
2025-08-15 18:55:33,711 - INFO - Training interactions: 79202
2025-08-15 18:55:33,711 - INFO - Validation interactions: 23621
2025-08-15 18:55:33,711 - INFO - Test interactions: 23621
2025-08-15 18:55:34,114 - INFO - Creating model: TGAT
2025-08-15 18:55:34,171 - INFO - Wrapping TGAT with C-CASF
2025-08-15 18:55:34,171 - INFO - Model created with 1052945 parameters
2025-08-15 18:58:48,477 - INFO - save model /home/s2516027/GLCE/checkpoints/wikipedia/ccasf/DyGMamba_CCASF_seed0.pkl
2025-08-15 18:58:48,640 - INFO - Saved best model to /home/s2516027/GLCE/checkpoints/wikipedia/best_ccasf_model_wikipedia.pth
2025-08-15 18:58:48,641 - INFO - Epoch   0/3 | Loss: 0.6013 | Time: 194.43s
2025-08-15 19:01:19,173 - INFO - Epoch   1/3 | Loss: 0.5257 | Time: 150.53s
