2025-08-15 04:38:43,773 - INFO - Starting experiment: ccasf_clifford on wikipedia
2025-08-15 04:38:43,773 - INFO - Device: cuda
2025-08-15 04:38:43,773 - INFO - 
==================================================
2025-08-15 04:38:43,773 - INFO - Run 1/5
2025-08-15 04:38:43,773 - INFO - ==================================================
2025-08-15 04:38:43,776 - INFO - Starting training for wikipedia with C-CASF
2025-08-15 04:38:43,776 - INFO - Configuration: {'dataset_name': 'wikipedia', 'model_name': 'DyGMamba_CCASF', 'use_ccasf': True, 'spatial_dim': 64, 'temporal_dim': 64, 'ccasf_output_dim': 128, 'node_feat_dim': 172, 'edge_feat_dim': 172, 'fusion_method': 'clifford', 'weighted_fusion_learnable': True, 'mlp_hidden_dim': None, 'mlp_num_layers': 2, 'use_rpearl': True, 'use_enhanced_lete': True, 'rpearl_k': 16, 'rpearl_mlp_layers': 2, 'rpearl_hidden': 64, 'lete_p': 0.5, 'lete_layer_norm': True, 'lete_scale': True, 'time_feat_dim': 100, 'channel_embedding_dim': 100, 'patch_size': 2, 'num_layers': 2, 'num_heads': 2, 'dropout': 0.1, 'gamma': 0.5, 'max_input_sequence_length': 64, 'max_interaction_times': 10, 'learning_rate': 0.0001, 'weight_decay': 0.01, 'patience': 20, 'num_epochs': 3, 'batch_size': 200, 'eval_batch_size': 200, 'test_batch_size': 200, 'val_ratio': 0.15, 'test_ratio': 0.15, 'negative_sample_strategy': 'random', 'num_neighbors': 20, 'num_runs': 5, 'load_best_configs': False, 'device': 'cuda', 'num_workers': 8, 'seed': 0, 'data_root': '/home/s2516027/GLCE/processed_data', 'output_root': '/home/s2516027/GLCE/results', 'checkpoint_dir': '/home/s2516027/GLCE/checkpoints', 'log_every': 1, 'eval_every': 5, 'save_model': True, 'verbose': True}
2025-08-15 04:38:43,776 - INFO - Loading wikipedia dataset...
2025-08-15 04:38:44,203 - INFO - Number of nodes: 9228
2025-08-15 04:38:44,203 - INFO - Number of edges: 157475
2025-08-15 04:38:44,203 - INFO - Node feature dimension: 172
2025-08-15 04:38:44,203 - INFO - Edge feature dimension: 172
2025-08-15 04:38:44,203 - INFO - Training interactions: 79202
2025-08-15 04:38:44,203 - INFO - Validation interactions: 23621
2025-08-15 04:38:44,203 - INFO - Test interactions: 23621
2025-08-15 04:38:44,751 - INFO - Creating model: DyGMamba_CCASF
2025-08-15 04:38:45,080 - INFO - Model created with 1231711 parameters
2025-08-15 04:38:45,080 - INFO - C-CASF Configuration:
2025-08-15 04:38:45,081 - INFO -   - Spatial dimension: 64
2025-08-15 04:38:45,081 - INFO -   - Temporal dimension: 64
2025-08-15 04:38:45,081 - INFO -   - Output dimension: 128
2025-08-15 04:38:45,081 - INFO -   - Fusion method: clifford
2025-08-15 04:38:45,081 - INFO -   - Using R-PEARL: True
2025-08-15 04:38:45,081 - INFO -   - Using Enhanced LeTE: True
2025-08-15 04:41:01,491 - INFO - save model /home/s2516027/GLCE/checkpoints/wikipedia/ccasf/DyGMamba_CCASF_seed0.pkl
2025-08-15 04:41:01,670 - INFO - Saved best model to /home/s2516027/GLCE/checkpoints/wikipedia/best_ccasf_model_wikipedia.pth
2025-08-15 04:41:01,670 - INFO - Epoch   0/3 | Loss: 0.6927 | Time: 136.55s
2025-08-15 04:43:02,792 - INFO - Epoch   1/3 | Loss: 0.6891 | Time: 121.12s
2025-08-15 04:45:07,234 - INFO - Epoch   2/3 | Loss: 0.6600 | Time: 124.44s
2025-08-15 04:45:07,235 - INFO - Training completed in 382.11s
2025-08-15 04:45:07,235 - INFO - Final evaluation...
2025-08-15 04:46:40,538 - INFO - Saved evaluation results to /home/s2516027/GLCE/results/wikipedia/eval_DyGMamba_CCASF_wikipedia_clifford.json
2025-08-15 04:46:40,560 - INFO - Saved run 0 results to /home/s2516027/GLCE/results/wikipedia/run0_ccasf_clifford_wikipedia.json
2025-08-15 04:46:40,560 - INFO - 
==================================================
2025-08-15 04:46:40,560 - INFO - Run 2/5
2025-08-15 04:46:40,560 - INFO - ==================================================
2025-08-15 04:46:40,564 - INFO - Starting training for wikipedia with C-CASF
2025-08-15 04:46:40,564 - INFO - Configuration: {'dataset_name': 'wikipedia', 'model_name': 'DyGMamba_CCASF', 'use_ccasf': True, 'spatial_dim': 64, 'temporal_dim': 64, 'ccasf_output_dim': 128, 'node_feat_dim': 172, 'edge_feat_dim': 172, 'fusion_method': 'clifford', 'weighted_fusion_learnable': True, 'mlp_hidden_dim': None, 'mlp_num_layers': 2, 'use_rpearl': True, 'use_enhanced_lete': True, 'rpearl_k': 16, 'rpearl_mlp_layers': 2, 'rpearl_hidden': 64, 'lete_p': 0.5, 'lete_layer_norm': True, 'lete_scale': True, 'time_feat_dim': 100, 'channel_embedding_dim': 100, 'patch_size': 2, 'num_layers': 2, 'num_heads': 2, 'dropout': 0.1, 'gamma': 0.5, 'max_input_sequence_length': 64, 'max_interaction_times': 10, 'learning_rate': 0.0001, 'weight_decay': 0.01, 'patience': 20, 'num_epochs': 3, 'batch_size': 200, 'eval_batch_size': 200, 'test_batch_size': 200, 'val_ratio': 0.15, 'test_ratio': 0.15, 'negative_sample_strategy': 'random', 'num_neighbors': 20, 'num_runs': 5, 'load_best_configs': False, 'device': 'cuda', 'num_workers': 8, 'seed': 0, 'data_root': '/home/s2516027/GLCE/processed_data', 'output_root': '/home/s2516027/GLCE/results', 'checkpoint_dir': '/home/s2516027/GLCE/checkpoints', 'log_every': 1, 'eval_every': 5, 'save_model': True, 'verbose': True}
2025-08-15 04:46:40,564 - INFO - Loading wikipedia dataset...
2025-08-15 04:46:40,981 - INFO - Number of nodes: 9228
2025-08-15 04:46:40,982 - INFO - Number of edges: 157475
2025-08-15 04:46:40,982 - INFO - Node feature dimension: 172
2025-08-15 04:46:40,982 - INFO - Edge feature dimension: 172
2025-08-15 04:46:40,982 - INFO - Training interactions: 79202
2025-08-15 04:46:40,982 - INFO - Validation interactions: 23621
2025-08-15 04:46:40,982 - INFO - Test interactions: 23621
2025-08-15 04:46:41,387 - INFO - Creating model: DyGMamba_CCASF
2025-08-15 04:46:41,466 - INFO - Model created with 1231711 parameters
2025-08-15 04:46:41,466 - INFO - C-CASF Configuration:
2025-08-15 04:46:41,466 - INFO -   - Spatial dimension: 64
2025-08-15 04:46:41,466 - INFO -   - Temporal dimension: 64
2025-08-15 04:46:41,466 - INFO -   - Output dimension: 128
2025-08-15 04:46:41,467 - INFO -   - Fusion method: clifford
2025-08-15 04:46:41,467 - INFO -   - Using R-PEARL: True
2025-08-15 04:46:41,467 - INFO -   - Using Enhanced LeTE: True
