2025-08-25 03:31:28,213 - root - INFO - ********** Run 1 starts. **********
2025-08-25 03:31:28,213 - root - INFO - configuration is Namespace(dataset_name='wikipedia', batch_size=200, model_name='DyGMamba', gpu=0, num_neighbors=20, sample_neighbor_strategy='uniform', time_scaling_factor=1e-06, num_walk_heads=8, num_heads=2, num_layers=2, walk_length=1, time_gap=2000, time_feat_dim=100, position_feat_dim=172, time_window_mode='fixed_proportion', patch_size=1, channel_embedding_dim=50, max_input_sequence_length=32, learning_rate=0.0001, dropout=0.1, gamma=0.5, num_epochs=100, optimizer='Adam', weight_decay=0.0, patience=20, val_ratio=0.15, test_ratio=0.15, num_runs=1, test_interval_epochs=1, negative_sample_strategy='random', max_interaction_times=10, load_best_configs=False, fusion_strategy='use', spatial_dim=64, temporal_dim=64, ccasf_output_dim=128, use_integrated_mpgnn=True, use_sequential_fallback=False, embedding_mode='spatiotemporal_only', enable_base_embedding=False, rpearl_hidden=64, rpearl_mlp_layers=2, rpearl_k=16, lete_hidden=64, lete_layers=2, lete_p=0.5, use_hidden_dim=128, use_num_casm_layers=3, use_num_smpn_layers=3, caga_hidden_dim=128, caga_num_heads=8, clifford_dim=4, clifford_signature='euclidean', use_memory=False, memory_dim=128, output_dim=128, mamba_d_model=128, mamba_d_state=16, mamba_d_conv=4, mamba_expand=2, enable_feature_caching=True, clear_cache_interval=100, n_degree=20, n_head=2, n_layer=2, drop_out=0.1, lr=0.0001, n_epoch=100, seed=0, uniform=False, different_new_nodes=False, device='cuda:0', save_model_name='DyGMamba_seed0')
2025-08-25 03:31:28,213 - root - INFO - 🧠 Using INTEGRATED MPGNN approach (theoretical compliance)
2025-08-25 03:31:28,263 - root - INFO - ✅ Integrated DyGMamba created successfully
2025-08-25 03:31:28,264 - root - INFO -    Embedding mode: spatiotemporal_only
2025-08-25 03:31:28,264 - root - INFO -    Base embedding: Disabled
2025-08-25 03:31:28,264 - root - INFO -    Fusion strategy: use
2025-08-25 03:31:28,264 - root - INFO -    Theoretical compliance: MPGNN ✓
2025-08-25 03:31:28,264 - root - INFO - Using enhanced feature dimension for link predictor: 300
2025-08-25 03:31:28,266 - root - INFO - Model approach: 🧠 INTEGRATED MPGNN (theoretical)
2025-08-25 03:31:28,266 - root - INFO - model -> Sequential(
  (0): IntegratedDyGMamba(
    (enhanced_feature_manager): EnhancedNodeFeatureManager(
      (spatial_generator): TrainableSpatialGenerator(
        (spatial_encoder): Sequential(
          (spatial_layer_0): Sequential(
            (0): Linear(in_features=172, out_features=64, bias=True)
            (1): ReLU()
            (2): Dropout(p=0.1, inplace=False)
            (3): LayerNorm((64,), eps=1e-05, elementwise_affine=True)
          )
          (spatial_layer_1): Sequential(
            (0): Linear(in_features=64, out_features=64, bias=True)
            (1): ReLU()
            (2): Dropout(p=0.1, inplace=False)
            (3): LayerNorm((64,), eps=1e-05, elementwise_affine=True)
          )
        )
        (spatial_output): Linear(in_features=64, out_features=64, bias=True)
        (position_encoder): Embedding(16, 64)
        (time_spatial_encoder): Linear(in_features=1, out_features=64, bias=True)
      )
      (temporal_generator): TrainableTemporalGenerator(
        (time_encoder): TimeEncoder(
          (w): Linear(in_features=1, out_features=100, bias=True)
        )
        (temporal_encoder): Sequential(
          (temporal_layer_0): Sequential(
            (0): Linear(in_features=272, out_features=64, bias=True)
            (1): GELU(approximate='none')
            (2): Dropout(p=0.5, inplace=False)
            (3): LayerNorm((64,), eps=1e-05, elementwise_affine=True)
          )
          (temporal_layer_1): Sequential(
            (0): Linear(in_features=64, out_features=64, bias=True)
            (1): GELU(approximate='none')
            (2): Dropout(p=0.5, inplace=False)
            (3): LayerNorm((64,), eps=1e-05, elementwise_affine=True)
          )
        )
        (temporal_output): Linear(in_features=64, out_features=64, bias=True)
      )
      (fusion_module): TrainableUSEFusion(
        (casm_net): Sequential(
          (casm_layer_0): Sequential(
            (0): Linear(in_features=128, out_features=128, bias=True)
            (1): ReLU()
            (2): Dropout(p=0.1, inplace=False)
            (3): LayerNorm((128,), eps=1e-05, elementwise_affine=True)
          )
          (casm_layer_1): Sequential(
            (0): Linear(in_features=128, out_features=128, bias=True)
            (1): ReLU()
            (2): Dropout(p=0.1, inplace=False)
            (3): LayerNorm((128,), eps=1e-05, elementwise_affine=True)
          )
          (casm_layer_2): Sequential(
            (0): Linear(in_features=128, out_features=128, bias=True)
            (1): ReLU()
            (2): Dropout(p=0.1, inplace=False)
            (3): LayerNorm((128,), eps=1e-05, elementwise_affine=True)
          )
        )
        (casm_output): Linear(in_features=128, out_features=16, bias=True)
        (smpn): Sequential(
          (smpn_layer_0): Sequential(
            (0): Linear(in_features=128, out_features=128, bias=True)
            (1): GELU(approximate='none')
            (2): Dropout(p=0.1, inplace=False)
            (3): LayerNorm((128,), eps=1e-05, elementwise_affine=True)
          )
          (smpn_layer_1): Sequential(
            (0): Linear(in_features=128, out_features=128, bias=True)
            (1): GELU(approximate='none')
            (2): Dropout(p=0.1, inplace=False)
            (3): LayerNorm((128,), eps=1e-05, elementwise_affine=True)
          )
          (smpn_layer_2): Sequential(
            (0): Linear(in_features=128, out_features=128, bias=True)
            (1): GELU(approximate='none')
            (2): Dropout(p=0.1, inplace=False)
            (3): LayerNorm((128,), eps=1e-05, elementwise_affine=True)
          )
        )
        (smpn_output): Linear(in_features=128, out_features=16, bias=True)
        (final_projection): Linear(in_features=16, out_features=128, bias=True)
      )
    )
  )
  (1): MergeLayerTD(
    (fc1): Linear(in_features=900, out_features=300, bias=True)
    (fc2): Linear(in_features=300, out_features=1, bias=True)
    (act): ReLU()
  )
)
2025-08-25 03:31:28,268 - root - INFO - model name: DyGMamba, #parameters: 1699524 B, 1659.69140625 KB, 1.6207923889160156 MB.
2025-08-25 03:34:41,492 - root - INFO - Epoch: 1, learning rate: 0.0001, train loss: 0.6948
2025-08-25 03:34:41,493 - root - INFO - train average_precision, 0.5950
2025-08-25 03:34:41,493 - root - INFO - train roc_auc, 0.4942
2025-08-25 03:34:41,493 - root - INFO - validate loss: 0.6963
2025-08-25 03:34:41,493 - root - INFO - validate average_precision, 0.5887
2025-08-25 03:34:41,493 - root - INFO - validate roc_auc, 0.4907
2025-08-25 03:34:41,493 - root - INFO - new node validate loss: 0.6966
2025-08-25 03:34:41,493 - root - INFO - new node validate average_precision, 0.5671
2025-08-25 03:34:41,493 - root - INFO - new node validate roc_auc, 0.4603
2025-08-25 03:35:28,762 - root - INFO - test loss: 0.6925
2025-08-25 03:35:28,763 - root - INFO - test average_precision, 0.6203
2025-08-25 03:35:28,763 - root - INFO - best test average_precision: 0.6203
2025-08-25 03:35:28,763 - root - INFO - test roc_auc, 0.5242
2025-08-25 03:35:28,763 - root - INFO - new node test loss: 0.7045
2025-08-25 03:35:28,763 - root - INFO - new node test average_precision, 0.5611
2025-08-25 03:35:28,763 - root - INFO - new node test roc_auc, 0.4421
2025-08-25 03:35:28,764 - root - INFO - save model ./saved_models/DyGMamba/wikipedia/DyGMamba_seed0/DyGMamba_seed0.pkl
2025-08-25 03:38:32,924 - root - INFO - Epoch: 2, learning rate: 0.0001, train loss: 0.7002
2025-08-25 03:38:32,924 - root - INFO - train average_precision, 0.5994
2025-08-25 03:38:32,925 - root - INFO - train roc_auc, 0.4850
2025-08-25 03:38:32,925 - root - INFO - validate loss: 0.7024
2025-08-25 03:38:32,925 - root - INFO - validate average_precision, 0.5903
2025-08-25 03:38:32,925 - root - INFO - validate roc_auc, 0.4776
2025-08-25 03:38:32,925 - root - INFO - new node validate loss: 0.7057
2025-08-25 03:38:32,925 - root - INFO - new node validate average_precision, 0.5721
2025-08-25 03:38:32,925 - root - INFO - new node validate roc_auc, 0.4551
2025-08-25 03:39:19,455 - root - INFO - test loss: 0.7002
2025-08-25 03:39:19,455 - root - INFO - test average_precision, 0.6008
2025-08-25 03:39:19,455 - root - INFO - best test average_precision: 0.6203
2025-08-25 03:39:19,455 - root - INFO - test roc_auc, 0.4891
2025-08-25 03:39:19,455 - root - INFO - new node test loss: 0.6995
2025-08-25 03:39:19,455 - root - INFO - new node test average_precision, 0.5972
2025-08-25 03:39:19,455 - root - INFO - new node test roc_auc, 0.4982
2025-08-25 03:42:23,059 - root - INFO - Epoch: 3, learning rate: 0.0001, train loss: 0.6984
2025-08-25 03:42:23,060 - root - INFO - train average_precision, 0.6062
2025-08-25 03:42:23,060 - root - INFO - train roc_auc, 0.4983
2025-08-25 03:42:23,060 - root - INFO - validate loss: 0.6992
2025-08-25 03:42:23,060 - root - INFO - validate average_precision, 0.6126
2025-08-25 03:42:23,060 - root - INFO - validate roc_auc, 0.5077
2025-08-25 03:42:23,060 - root - INFO - new node validate loss: 0.7030
2025-08-25 03:42:23,060 - root - INFO - new node validate average_precision, 0.5949
2025-08-25 03:42:23,060 - root - INFO - new node validate roc_auc, 0.4740
2025-08-25 03:43:09,793 - root - INFO - test loss: 0.7021
2025-08-25 03:43:09,793 - root - INFO - test average_precision, 0.6032
2025-08-25 03:43:09,793 - root - INFO - best test average_precision: 0.6203
2025-08-25 03:43:09,793 - root - INFO - test roc_auc, 0.4919
2025-08-25 03:43:09,793 - root - INFO - new node test loss: 0.7018
2025-08-25 03:43:09,793 - root - INFO - new node test average_precision, 0.5645
2025-08-25 03:43:09,793 - root - INFO - new node test roc_auc, 0.4532
2025-08-25 03:43:09,793 - root - INFO - save model ./saved_models/DyGMamba/wikipedia/DyGMamba_seed0/DyGMamba_seed0.pkl
2025-08-25 03:46:13,408 - root - INFO - Epoch: 4, learning rate: 0.0001, train loss: 0.6940
2025-08-25 03:46:13,409 - root - INFO - train average_precision, 0.6307
2025-08-25 03:46:13,409 - root - INFO - train roc_auc, 0.5289
2025-08-25 03:46:13,409 - root - INFO - validate loss: 0.7014
2025-08-25 03:46:13,409 - root - INFO - validate average_precision, 0.5936
2025-08-25 03:46:13,409 - root - INFO - validate roc_auc, 0.4916
2025-08-25 03:46:13,409 - root - INFO - new node validate loss: 0.6952
2025-08-25 03:46:13,409 - root - INFO - new node validate average_precision, 0.6009
2025-08-25 03:46:13,409 - root - INFO - new node validate roc_auc, 0.4926
2025-08-25 03:47:00,386 - root - INFO - test loss: 0.7054
2025-08-25 03:47:00,387 - root - INFO - test average_precision, 0.6050
2025-08-25 03:47:00,387 - root - INFO - best test average_precision: 0.6203
2025-08-25 03:47:00,387 - root - INFO - test roc_auc, 0.4870
2025-08-25 03:47:00,387 - root - INFO - new node test loss: 0.7140
2025-08-25 03:47:00,387 - root - INFO - new node test average_precision, 0.5468
2025-08-25 03:47:00,387 - root - INFO - new node test roc_auc, 0.4184
2025-08-25 03:50:04,129 - root - INFO - Epoch: 5, learning rate: 0.0001, train loss: 0.7060
2025-08-25 03:50:04,129 - root - INFO - train average_precision, 0.5913
2025-08-25 03:50:04,130 - root - INFO - train roc_auc, 0.4790
2025-08-25 03:50:04,130 - root - INFO - validate loss: 0.6936
2025-08-25 03:50:04,130 - root - INFO - validate average_precision, 0.6378
2025-08-25 03:50:04,130 - root - INFO - validate roc_auc, 0.5408
2025-08-25 03:50:04,130 - root - INFO - new node validate loss: 0.7121
2025-08-25 03:50:04,130 - root - INFO - new node validate average_precision, 0.5912
2025-08-25 03:50:04,130 - root - INFO - new node validate roc_auc, 0.4764
2025-08-25 03:50:51,392 - root - INFO - test loss: 0.6968
2025-08-25 03:50:51,392 - root - INFO - test average_precision, 0.6304
2025-08-25 03:50:51,393 - root - INFO - best test average_precision: 0.6304
2025-08-25 03:50:51,393 - root - INFO - test roc_auc, 0.5330
2025-08-25 03:50:51,393 - root - INFO - new node test loss: 0.7103
2025-08-25 03:50:51,393 - root - INFO - new node test average_precision, 0.5786
2025-08-25 03:50:51,393 - root - INFO - new node test roc_auc, 0.4579
2025-08-25 03:50:51,393 - root - INFO - save model ./saved_models/DyGMamba/wikipedia/DyGMamba_seed0/DyGMamba_seed0.pkl
2025-08-25 03:53:56,557 - root - INFO - Epoch: 6, learning rate: 0.0001, train loss: 0.7070
2025-08-25 03:53:56,557 - root - INFO - train average_precision, 0.5917
2025-08-25 03:53:56,557 - root - INFO - train roc_auc, 0.4750
2025-08-25 03:53:56,557 - root - INFO - validate loss: 0.6954
2025-08-25 03:53:56,558 - root - INFO - validate average_precision, 0.6215
2025-08-25 03:53:56,558 - root - INFO - validate roc_auc, 0.5241
2025-08-25 03:53:56,558 - root - INFO - new node validate loss: 0.7231
2025-08-25 03:53:56,558 - root - INFO - new node validate average_precision, 0.5549
2025-08-25 03:53:56,558 - root - INFO - new node validate roc_auc, 0.4214
2025-08-25 03:54:42,845 - root - INFO - test loss: 0.7022
2025-08-25 03:54:42,845 - root - INFO - test average_precision, 0.5977
2025-08-25 03:54:42,845 - root - INFO - best test average_precision: 0.6304
2025-08-25 03:54:42,845 - root - INFO - test roc_auc, 0.4913
2025-08-25 03:54:42,845 - root - INFO - new node test loss: 0.7240
2025-08-25 03:54:42,845 - root - INFO - new node test average_precision, 0.5430
2025-08-25 03:54:42,845 - root - INFO - new node test roc_auc, 0.4106
2025-08-25 03:57:45,901 - root - INFO - Epoch: 7, learning rate: 0.0001, train loss: 0.6973
2025-08-25 03:57:45,902 - root - INFO - train average_precision, 0.6147
2025-08-25 03:57:45,902 - root - INFO - train roc_auc, 0.5106
2025-08-25 03:57:45,902 - root - INFO - validate loss: 0.6966
2025-08-25 03:57:45,902 - root - INFO - validate average_precision, 0.6329
2025-08-25 03:57:45,902 - root - INFO - validate roc_auc, 0.5242
2025-08-25 03:57:45,902 - root - INFO - new node validate loss: 0.6969
2025-08-25 03:57:45,902 - root - INFO - new node validate average_precision, 0.5971
2025-08-25 03:57:45,902 - root - INFO - new node validate roc_auc, 0.4755
2025-08-25 03:58:32,041 - root - INFO - test loss: 0.7081
2025-08-25 03:58:32,041 - root - INFO - test average_precision, 0.5951
2025-08-25 03:58:32,042 - root - INFO - best test average_precision: 0.6304
2025-08-25 03:58:32,042 - root - INFO - test roc_auc, 0.4837
2025-08-25 03:58:32,042 - root - INFO - new node test loss: 0.7150
2025-08-25 03:58:32,042 - root - INFO - new node test average_precision, 0.5416
2025-08-25 03:58:32,042 - root - INFO - new node test roc_auc, 0.4150
2025-08-25 04:01:33,189 - root - INFO - Epoch: 8, learning rate: 0.0001, train loss: 0.7026
2025-08-25 04:01:33,190 - root - INFO - train average_precision, 0.6100
2025-08-25 04:01:33,190 - root - INFO - train roc_auc, 0.4964
2025-08-25 04:01:33,190 - root - INFO - validate loss: 0.7024
2025-08-25 04:01:33,190 - root - INFO - validate average_precision, 0.6071
2025-08-25 04:01:33,190 - root - INFO - validate roc_auc, 0.4972
2025-08-25 04:01:33,190 - root - INFO - new node validate loss: 0.7291
2025-08-25 04:01:33,190 - root - INFO - new node validate average_precision, 0.5254
2025-08-25 04:01:33,190 - root - INFO - new node validate roc_auc, 0.3767
2025-08-25 04:02:18,962 - root - INFO - test loss: 0.6927
2025-08-25 04:02:18,963 - root - INFO - test average_precision, 0.6278
2025-08-25 04:02:18,963 - root - INFO - best test average_precision: 0.6304
2025-08-25 04:02:18,963 - root - INFO - test roc_auc, 0.5205
2025-08-25 04:02:18,963 - root - INFO - new node test loss: 0.6921
2025-08-25 04:02:18,963 - root - INFO - new node test average_precision, 0.6147
2025-08-25 04:02:18,963 - root - INFO - new node test roc_auc, 0.5128
2025-08-25 04:05:20,967 - root - INFO - Epoch: 9, learning rate: 0.0001, train loss: 0.7018
2025-08-25 04:05:20,968 - root - INFO - train average_precision, 0.5994
2025-08-25 04:05:20,968 - root - INFO - train roc_auc, 0.4926
2025-08-25 04:05:20,968 - root - INFO - validate loss: 0.6954
2025-08-25 04:05:20,968 - root - INFO - validate average_precision, 0.6323
2025-08-25 04:05:20,969 - root - INFO - validate roc_auc, 0.5385
2025-08-25 04:05:20,969 - root - INFO - new node validate loss: 0.6970
2025-08-25 04:05:20,969 - root - INFO - new node validate average_precision, 0.6399
2025-08-25 04:05:20,969 - root - INFO - new node validate roc_auc, 0.5286
2025-08-25 04:06:07,188 - root - INFO - test loss: 0.7000
2025-08-25 04:06:07,188 - root - INFO - test average_precision, 0.6105
2025-08-25 04:06:07,188 - root - INFO - best test average_precision: 0.6304
2025-08-25 04:06:07,188 - root - INFO - test roc_auc, 0.5095
2025-08-25 04:06:07,188 - root - INFO - new node test loss: 0.7005
2025-08-25 04:06:07,188 - root - INFO - new node test average_precision, 0.6047
2025-08-25 04:06:07,188 - root - INFO - new node test roc_auc, 0.5111
2025-08-25 04:09:10,519 - root - INFO - Epoch: 10, learning rate: 0.0001, train loss: 0.6949
2025-08-25 04:09:10,520 - root - INFO - train average_precision, 0.6296
2025-08-25 04:09:10,520 - root - INFO - train roc_auc, 0.5293
2025-08-25 04:09:10,520 - root - INFO - validate loss: 0.6959
2025-08-25 04:09:10,520 - root - INFO - validate average_precision, 0.6379
2025-08-25 04:09:10,520 - root - INFO - validate roc_auc, 0.5290
2025-08-25 04:09:10,520 - root - INFO - new node validate loss: 0.7409
2025-08-25 04:09:10,520 - root - INFO - new node validate average_precision, 0.5093
2025-08-25 04:09:10,520 - root - INFO - new node validate roc_auc, 0.3613
2025-08-25 04:09:57,035 - root - INFO - test loss: 0.7051
2025-08-25 04:09:57,035 - root - INFO - test average_precision, 0.5975
2025-08-25 04:09:57,035 - root - INFO - best test average_precision: 0.6304
2025-08-25 04:09:57,035 - root - INFO - test roc_auc, 0.4924
2025-08-25 04:09:57,036 - root - INFO - new node test loss: 0.6922
2025-08-25 04:09:57,036 - root - INFO - new node test average_precision, 0.6585
2025-08-25 04:09:57,036 - root - INFO - new node test roc_auc, 0.5646
2025-08-25 04:13:02,357 - root - INFO - Epoch: 11, learning rate: 0.0001, train loss: 0.6984
2025-08-25 04:13:02,358 - root - INFO - train average_precision, 0.6145
2025-08-25 04:13:02,358 - root - INFO - train roc_auc, 0.5098
2025-08-25 04:13:02,358 - root - INFO - validate loss: 0.7024
2025-08-25 04:13:02,358 - root - INFO - validate average_precision, 0.6144
2025-08-25 04:13:02,359 - root - INFO - validate roc_auc, 0.4953
2025-08-25 04:13:02,359 - root - INFO - new node validate loss: 0.7045
2025-08-25 04:13:02,359 - root - INFO - new node validate average_precision, 0.5767
2025-08-25 04:13:02,359 - root - INFO - new node validate roc_auc, 0.4539
2025-08-25 04:13:49,234 - root - INFO - test loss: 0.7019
2025-08-25 04:13:49,234 - root - INFO - test average_precision, 0.6155
2025-08-25 04:13:49,235 - root - INFO - best test average_precision: 0.6304
2025-08-25 04:13:49,235 - root - INFO - test roc_auc, 0.5052
2025-08-25 04:13:49,235 - root - INFO - new node test loss: 0.7098
2025-08-25 04:13:49,235 - root - INFO - new node test average_precision, 0.5747
2025-08-25 04:13:49,235 - root - INFO - new node test roc_auc, 0.4553
2025-08-25 04:16:53,683 - root - INFO - Epoch: 12, learning rate: 0.0001, train loss: 0.7012
2025-08-25 04:16:53,683 - root - INFO - train average_precision, 0.6060
2025-08-25 04:16:53,683 - root - INFO - train roc_auc, 0.4954
2025-08-25 04:16:53,683 - root - INFO - validate loss: 0.7041
2025-08-25 04:16:53,683 - root - INFO - validate average_precision, 0.6171
2025-08-25 04:16:53,683 - root - INFO - validate roc_auc, 0.5098
2025-08-25 04:16:53,684 - root - INFO - new node validate loss: 0.6970
2025-08-25 04:16:53,684 - root - INFO - new node validate average_precision, 0.6383
2025-08-25 04:16:53,684 - root - INFO - new node validate roc_auc, 0.5570
2025-08-25 04:17:40,986 - root - INFO - test loss: 0.7145
2025-08-25 04:17:40,987 - root - INFO - test average_precision, 0.5793
2025-08-25 04:17:40,987 - root - INFO - best test average_precision: 0.6304
2025-08-25 04:17:40,987 - root - INFO - test roc_auc, 0.4643
2025-08-25 04:17:40,987 - root - INFO - new node test loss: 0.7010
2025-08-25 04:17:40,987 - root - INFO - new node test average_precision, 0.5892
2025-08-25 04:17:40,987 - root - INFO - new node test roc_auc, 0.4826
2025-08-25 04:20:43,501 - root - INFO - Epoch: 13, learning rate: 0.0001, train loss: 0.7045
2025-08-25 04:20:43,502 - root - INFO - train average_precision, 0.6005
2025-08-25 04:20:43,502 - root - INFO - train roc_auc, 0.4897
2025-08-25 04:20:43,502 - root - INFO - validate loss: 0.7154
2025-08-25 04:20:43,502 - root - INFO - validate average_precision, 0.5575
2025-08-25 04:20:43,502 - root - INFO - validate roc_auc, 0.4234
2025-08-25 04:20:43,502 - root - INFO - new node validate loss: 0.7088
2025-08-25 04:20:43,502 - root - INFO - new node validate average_precision, 0.5936
2025-08-25 04:20:43,502 - root - INFO - new node validate roc_auc, 0.4881
2025-08-25 04:21:29,756 - root - INFO - test loss: 0.6978
2025-08-25 04:21:29,757 - root - INFO - test average_precision, 0.6115
2025-08-25 04:21:29,757 - root - INFO - best test average_precision: 0.6304
2025-08-25 04:21:29,757 - root - INFO - test roc_auc, 0.5004
2025-08-25 04:21:29,757 - root - INFO - new node test loss: 0.6754
2025-08-25 04:21:29,757 - root - INFO - new node test average_precision, 0.6780
2025-08-25 04:21:29,757 - root - INFO - new node test roc_auc, 0.5914
